[ 2016-08-25T11:04:22+08:00 ] 0.0.0.0 /wish/index.php/Admin
INFO: [ route_check ] --START--
INFO: CheckRoute Behavior ::run [ RunTime:0.058143s ]
INFO: [ route_check ] --END-- [ RunTime:0.058335s ]
INFO: [ app_begin ] --START--
INFO: ReadHtmlCache Behavior ::run [ RunTime:0.033089s ]
INFO: [ app_begin ] --END-- [ RunTime:0.033214s ]

[ 2016-08-25T11:04:23+08:00 ] 0.0.0.0 /wish/index.php/Admin/Login/index
INFO: [ route_check ] --START--
INFO: CheckRoute Behavior ::run [ RunTime:0.001135s ]
INFO: [ route_check ] --END-- [ RunTime:0.001254s ]
INFO: [ app_begin ] --START--
INFO: ReadHtmlCache Behavior ::run [ RunTime:0.000842s ]
INFO: [ app_begin ] --END-- [ RunTime:0.000932s ]
INFO: [ view_parse ] --START--
INFO: ParseTemplate Behavior ::run [ RunTime:0.190463s ]
INFO: [ view_parse ] --END-- [ RunTime:0.190615s ]
INFO: [ view_filter ] --START--
INFO: ContentReplace Behavior ::run [ RunTime:0.018574s ]
INFO: TokenBuild Behavior ::run [ RunTime:0.032431s ]
INFO: WriteHtmlCache Behavior ::run [ RunTime:0.007992s ]
INFO: ShowRuntime Behavior ::run [ RunTime:0.001281s ]
INFO: [ view_filter ] --END-- [ RunTime:0.060601s ]
INFO: [ view_end ] --START--
INFO: ShowPageTrace Behavior ::run [ RunTime:0.015254s ]
INFO: [ view_end ] --END-- [ RunTime:0.015382s ]

[ 2016-08-25T11:04:24+08:00 ] 0.0.0.0 /wish/index.php/Admin/Login/verify
INFO: [ route_check ] --START--
INFO: CheckRoute Behavior ::run [ RunTime:0.002673s ]
INFO: [ route_check ] --END-- [ RunTime:0.003136s ]
INFO: [ app_begin ] --START--
INFO: ReadHtmlCache Behavior ::run [ RunTime:0.001121s ]
INFO: [ app_begin ] --END-- [ RunTime:0.001247s ]

[ 2016-08-25T11:04:39+08:00 ] 0.0.0.0 /wish/index.php/Admin/Login/login
INFO: [ route_check ] --START--
INFO: CheckRoute Behavior ::run [ RunTime:0.001884s ]
INFO: [ route_check ] --END-- [ RunTime:0.002134s ]
INFO: [ app_begin ] --START--
INFO: ReadHtmlCache Behavior ::run [ RunTime:0.000995s ]
INFO: [ app_begin ] --END-- [ RunTime:0.001090s ]
SQL: SHOW COLUMNS FROM `hd_user` [ RunTime:0.036393s ]
SQL: SELECT * FROM `hd_user` WHERE ( `username` = 'admin' ) LIMIT 1   [ RunTime:0.000411s ]
NOTIC: [8] Undefined index: lock D:\demo\wish\App\Modules\Admin\Action\LoginAction.class.php 第 32 行.
SQL: UPDATE `hd_user` SET `logintime`=1472094279 WHERE ( `id` = 3 ) [ RunTime:0.100690s ]

[ 2016-08-25T11:04:39+08:00 ] 0.0.0.0 /wish/index.php/Admin/Index/index
INFO: [ route_check ] --START--
INFO: CheckRoute Behavior ::run [ RunTime:0.000988s ]
INFO: [ route_check ] --END-- [ RunTime:0.001102s ]
INFO: [ app_begin ] --START--
INFO: ReadHtmlCache Behavior ::run [ RunTime:0.000895s ]
INFO: [ app_begin ] --END-- [ RunTime:0.000995s ]
INFO: [ view_parse ] --START--
NOTIC: [8] Use of undefined constant U - assumed 'U' D:\demo\wish\App\Runtime\Cache\Admin\9b97d702ae8c59c6681dedb3b2775bb8.php 第 33 行.
INFO: ParseTemplate Behavior ::run [ RunTime:0.027027s ]
INFO: [ view_parse ] --END-- [ RunTime:0.027171s ]
INFO: [ view_filter ] --START--
INFO: ContentReplace Behavior ::run [ RunTime:0.001918s ]
INFO: TokenBuild Behavior ::run [ RunTime:0.001130s ]
INFO: WriteHtmlCache Behavior ::run [ RunTime:0.000877s ]
INFO: ShowRuntime Behavior ::run [ RunTime:0.001060s ]
INFO: [ view_filter ] --END-- [ RunTime:0.005421s ]
INFO: [ view_end ] --START--
INFO: ShowPageTrace Behavior ::run [ RunTime:0.001163s ]
INFO: [ view_end ] --END-- [ RunTime:0.001260s ]

[ 2016-08-25T11:04:46+08:00 ] 0.0.0.0 /wish/index.php/Admin/Rbac/addRole
INFO: [ route_check ] --START--
INFO: CheckRoute Behavior ::run [ RunTime:0.001446s ]
INFO: [ route_check ] --END-- [ RunTime:0.001579s ]
INFO: [ app_begin ] --START--
INFO: ReadHtmlCache Behavior ::run [ RunTime:0.001129s ]
INFO: [ app_begin ] --END-- [ RunTime:0.001227s ]
ERR: 无法加载模块:Rbac

[ 2016-08-25T11:05:59+08:00 ] 0.0.0.0 /wish/index.php/Admin/Rbac/addRole
INFO: [ route_check ] --START--
INFO: CheckRoute Behavior ::run [ RunTime:0.001124s ]
INFO: [ route_check ] --END-- [ RunTime:0.001260s ]
INFO: [ app_begin ] --START--
INFO: ReadHtmlCache Behavior ::run [ RunTime:0.000891s ]
INFO: [ app_begin ] --END-- [ RunTime:0.001008s ]
ERR: 无法加载模块:Rbac

[ 2016-08-25T11:06:01+08:00 ] 0.0.0.0 /wish/index.php/Admin/Index/index
INFO: [ route_check ] --START--
INFO: CheckRoute Behavior ::run [ RunTime:0.001002s ]
INFO: [ route_check ] --END-- [ RunTime:0.001116s ]
INFO: [ app_begin ] --START--
INFO: ReadHtmlCache Behavior ::run [ RunTime:0.000879s ]
INFO: [ app_begin ] --END-- [ RunTime:0.000978s ]
INFO: [ view_parse ] --START--
NOTIC: [8] Use of undefined constant U - assumed 'U' D:\demo\wish\App\Runtime\Cache\Admin\9b97d702ae8c59c6681dedb3b2775bb8.php 第 33 行.
INFO: ParseTemplate Behavior ::run [ RunTime:0.011594s ]
INFO: [ view_parse ] --END-- [ RunTime:0.011709s ]
INFO: [ view_filter ] --START--
INFO: ContentReplace Behavior ::run [ RunTime:0.001650s ]
INFO: TokenBuild Behavior ::run [ RunTime:0.001050s ]
INFO: WriteHtmlCache Behavior ::run [ RunTime:0.000789s ]
INFO: ShowRuntime Behavior ::run [ RunTime:0.001007s ]
INFO: [ view_filter ] --END-- [ RunTime:0.004820s ]
INFO: [ view_end ] --START--
INFO: ShowPageTrace Behavior ::run [ RunTime:0.001055s ]
INFO: [ view_end ] --END-- [ RunTime:0.001149s ]

[ 2016-08-25T11:06:03+08:00 ] 0.0.0.0 /wish/index.php/Admin/Rbac/addRole
INFO: [ route_check ] --START--
INFO: CheckRoute Behavior ::run [ RunTime:0.001239s ]
INFO: [ route_check ] --END-- [ RunTime:0.001379s ]
INFO: [ app_begin ] --START--
INFO: ReadHtmlCache Behavior ::run [ RunTime:0.000871s ]
INFO: [ app_begin ] --END-- [ RunTime:0.000980s ]
ERR: 无法加载模块:Rbac

[ 2016-08-25T11:07:55+08:00 ] 0.0.0.0 /wish/index.php/Admin/Index/index
INFO: [ route_check ] --START--
INFO: CheckRoute Behavior ::run [ RunTime:0.003456s ]
INFO: [ route_check ] --END-- [ RunTime:0.003685s ]
INFO: [ app_begin ] --START--
INFO: ReadHtmlCache Behavior ::run [ RunTime:0.001084s ]
INFO: [ app_begin ] --END-- [ RunTime:0.001189s ]
INFO: [ view_parse ] --START--
NOTIC: [8] Use of undefined constant U - assumed 'U' D:\demo\wish\App\Runtime\Cache\Admin\9b97d702ae8c59c6681dedb3b2775bb8.php 第 33 行.
INFO: ParseTemplate Behavior ::run [ RunTime:0.008866s ]
INFO: [ view_parse ] --END-- [ RunTime:0.008973s ]
INFO: [ view_filter ] --START--
INFO: ContentReplace Behavior ::run [ RunTime:0.000774s ]
INFO: TokenBuild Behavior ::run [ RunTime:0.000792s ]
INFO: WriteHtmlCache Behavior ::run [ RunTime:0.000641s ]
INFO: ShowRuntime Behavior ::run [ RunTime:0.001175s ]
INFO: [ view_filter ] --END-- [ RunTime:0.003696s ]
INFO: [ view_end ] --START--
INFO: ShowPageTrace Behavior ::run [ RunTime:0.001519s ]
INFO: [ view_end ] --END-- [ RunTime:0.001686s ]

[ 2016-08-25T11:07:57+08:00 ] 0.0.0.0 /wish/index.php/Admin/Rbac/addRole
INFO: [ route_check ] --START--
INFO: CheckRoute Behavior ::run [ RunTime:0.001051s ]
INFO: [ route_check ] --END-- [ RunTime:0.001184s ]
INFO: [ app_begin ] --START--
INFO: ReadHtmlCache Behavior ::run [ RunTime:0.000874s ]
INFO: [ app_begin ] --END-- [ RunTime:0.000978s ]
ERR: 无法加载模块:Rbac

[ 2016-08-25T11:14:54+08:00 ] 0.0.0.0 /wish/index.php/Admin/Index/index
INFO: [ route_check ] --START--
INFO: CheckRoute Behavior ::run [ RunTime:0.003153s ]
INFO: [ route_check ] --END-- [ RunTime:0.003596s ]
INFO: [ app_begin ] --START--
INFO: ReadHtmlCache Behavior ::run [ RunTime:0.001522s ]
INFO: [ app_begin ] --END-- [ RunTime:0.001714s ]
INFO: [ view_parse ] --START--
NOTIC: [8] Use of undefined constant U - assumed 'U' D:\demo\wish\App\Runtime\Cache\Admin\9b97d702ae8c59c6681dedb3b2775bb8.php 第 33 行.
INFO: ParseTemplate Behavior ::run [ RunTime:0.013374s ]
INFO: [ view_parse ] --END-- [ RunTime:0.013529s ]
INFO: [ view_filter ] --START--
INFO: ContentReplace Behavior ::run [ RunTime:0.000907s ]
INFO: TokenBuild Behavior ::run [ RunTime:0.000913s ]
INFO: WriteHtmlCache Behavior ::run [ RunTime:0.000760s ]
INFO: ShowRuntime Behavior ::run [ RunTime:0.002767s ]
INFO: [ view_filter ] --END-- [ RunTime:0.005911s ]
INFO: [ view_end ] --START--
INFO: ShowPageTrace Behavior ::run [ RunTime:0.001676s ]
INFO: [ view_end ] --END-- [ RunTime:0.001824s ]

[ 2016-08-25T11:14:58+08:00 ] 0.0.0.0 /wish/index.php/Admin/Rbac/addRole
INFO: [ route_check ] --START--
INFO: CheckRoute Behavior ::run [ RunTime:0.001032s ]
INFO: [ route_check ] --END-- [ RunTime:0.001148s ]
INFO: [ app_begin ] --START--
INFO: ReadHtmlCache Behavior ::run [ RunTime:0.000869s ]
INFO: [ app_begin ] --END-- [ RunTime:0.000975s ]
ERR: 无法加载模块:Rbac

[ 2016-08-25T11:21:38+08:00 ] 0.0.0.0 /wish/index.php/Admin/Index/index
INFO: [ route_check ] --START--
INFO: CheckRoute Behavior ::run [ RunTime:0.001919s ]
INFO: [ route_check ] --END-- [ RunTime:0.002109s ]
INFO: [ app_begin ] --START--
INFO: ReadHtmlCache Behavior ::run [ RunTime:0.001267s ]
INFO: [ app_begin ] --END-- [ RunTime:0.001403s ]
INFO: [ view_parse ] --START--
NOTIC: [8] Use of undefined constant U - assumed 'U' D:\demo\wish\App\Runtime\Cache\Admin\9b97d702ae8c59c6681dedb3b2775bb8.php 第 33 行.
INFO: ParseTemplate Behavior ::run [ RunTime:0.012424s ]
INFO: [ view_parse ] --END-- [ RunTime:0.012539s ]
INFO: [ view_filter ] --START--
INFO: ContentReplace Behavior ::run [ RunTime:0.001682s ]
INFO: TokenBuild Behavior ::run [ RunTime:0.001020s ]
INFO: WriteHtmlCache Behavior ::run [ RunTime:0.000945s ]
INFO: ShowRuntime Behavior ::run [ RunTime:0.001112s ]
INFO: [ view_filter ] --END-- [ RunTime:0.005099s ]
INFO: [ view_end ] --START--
INFO: ShowPageTrace Behavior ::run [ RunTime:0.001638s ]
INFO: [ view_end ] --END-- [ RunTime:0.001793s ]

[ 2016-08-25T11:21:41+08:00 ] 0.0.0.0 /wish/index.php/Admin/Rbac/addRole
INFO: [ route_check ] --START--
INFO: CheckRoute Behavior ::run [ RunTime:0.001064s ]
INFO: [ route_check ] --END-- [ RunTime:0.001205s ]
INFO: [ app_begin ] --START--
INFO: ReadHtmlCache Behavior ::run [ RunTime:0.001133s ]
INFO: [ app_begin ] --END-- [ RunTime:0.001312s ]
INFO: [ view_parse ] --START--
INFO: ParseTemplate Behavior ::run [ RunTime:0.051916s ]
INFO: [ view_parse ] --END-- [ RunTime:0.052081s ]
INFO: [ view_filter ] --START--
INFO: ContentReplace Behavior ::run [ RunTime:0.000995s ]
INFO: TokenBuild Behavior ::run [ RunTime:0.000688s ]
INFO: WriteHtmlCache Behavior ::run [ RunTime:0.000596s ]
INFO: ShowRuntime Behavior ::run [ RunTime:0.000802s ]
INFO: [ view_filter ] --END-- [ RunTime:0.003336s ]
INFO: [ view_end ] --START--
INFO: ShowPageTrace Behavior ::run [ RunTime:0.000964s ]
INFO: [ view_end ] --END-- [ RunTime:0.001062s ]

[ 2016-08-25T11:22:05+08:00 ] 0.0.0.0 /wish/index.php/Admin/Index/index
INFO: [ route_check ] --START--
INFO: CheckRoute Behavior ::run [ RunTime:0.001021s ]
INFO: [ route_check ] --END-- [ RunTime:0.001142s ]
INFO: [ app_begin ] --START--
INFO: ReadHtmlCache Behavior ::run [ RunTime:0.000790s ]
INFO: [ app_begin ] --END-- [ RunTime:0.000889s ]
INFO: [ view_parse ] --START--
NOTIC: [8] Use of undefined constant U - assumed 'U' D:\demo\wish\App\Runtime\Cache\Admin\9b97d702ae8c59c6681dedb3b2775bb8.php 第 33 行.
INFO: ParseTemplate Behavior ::run [ RunTime:0.011993s ]
INFO: [ view_parse ] --END-- [ RunTime:0.012100s ]
INFO: [ view_filter ] --START--
INFO: ContentReplace Behavior ::run [ RunTime:0.001048s ]
INFO: TokenBuild Behavior ::run [ RunTime:0.000743s ]
INFO: WriteHtmlCache Behavior ::run [ RunTime:0.000708s ]
INFO: ShowRuntime Behavior ::run [ RunTime:0.000954s ]
INFO: [ view_filter ] --END-- [ RunTime:0.003741s ]
INFO: [ view_end ] --START--
INFO: ShowPageTrace Behavior ::run [ RunTime:0.000882s ]
INFO: [ view_end ] --END-- [ RunTime:0.000978s ]

[ 2016-08-25T11:22:07+08:00 ] 0.0.0.0 /wish/index.php/Admin/Rbac/addRole
INFO: [ route_check ] --START--
INFO: CheckRoute Behavior ::run [ RunTime:0.001536s ]
INFO: [ route_check ] --END-- [ RunTime:0.001917s ]
INFO: [ app_begin ] --START--
INFO: ReadHtmlCache Behavior ::run [ RunTime:0.000818s ]
INFO: [ app_begin ] --END-- [ RunTime:0.000926s ]
INFO: [ view_parse ] --START--
INFO: ParseTemplate Behavior ::run [ RunTime:0.011941s ]
INFO: [ view_parse ] --END-- [ RunTime:0.012075s ]
INFO: [ view_filter ] --START--
INFO: ContentReplace Behavior ::run [ RunTime:0.001232s ]
INFO: TokenBuild Behavior ::run [ RunTime:0.000706s ]
INFO: WriteHtmlCache Behavior ::run [ RunTime:0.000544s ]
INFO: ShowRuntime Behavior ::run [ RunTime:0.000734s ]
INFO: [ view_filter ] --END-- [ RunTime:0.003491s ]
INFO: [ view_end ] --START--
INFO: ShowPageTrace Behavior ::run [ RunTime:0.001123s ]
INFO: [ view_end ] --END-- [ RunTime:0.001260s ]

[ 2016-08-25T11:22:54+08:00 ] 0.0.0.0 /wish/index.php/Admin/Index/index
INFO: [ route_check ] --START--
INFO: CheckRoute Behavior ::run [ RunTime:0.001136s ]
INFO: [ route_check ] --END-- [ RunTime:0.001259s ]
INFO: [ app_begin ] --START--
INFO: ReadHtmlCache Behavior ::run [ RunTime:0.000951s ]
INFO: [ app_begin ] --END-- [ RunTime:0.001047s ]
INFO: [ view_parse ] --START--
NOTIC: [8] Use of undefined constant U - assumed 'U' D:\demo\wish\App\Runtime\Cache\Admin\9b97d702ae8c59c6681dedb3b2775bb8.php 第 33 行.
INFO: ParseTemplate Behavior ::run [ RunTime:0.012949s ]
INFO: [ view_parse ] --END-- [ RunTime:0.013089s ]
INFO: [ view_filter ] --START--
INFO: ContentReplace Behavior ::run [ RunTime:0.001064s ]
INFO: TokenBuild Behavior ::run [ RunTime:0.000732s ]
INFO: WriteHtmlCache Behavior ::run [ RunTime:0.000567s ]
INFO: ShowRuntime Behavior ::run [ RunTime:0.001271s ]
INFO: [ view_filter ] --END-- [ RunTime:0.003958s ]
INFO: [ view_end ] --START--
INFO: ShowPageTrace Behavior ::run [ RunTime:0.001025s ]
INFO: [ view_end ] --END-- [ RunTime:0.001172s ]

[ 2016-08-25T11:22:56+08:00 ] 0.0.0.0 /wish/index.php/Admin/Rbac/addRole
INFO: [ route_check ] --START--
INFO: CheckRoute Behavior ::run [ RunTime:0.001071s ]
INFO: [ route_check ] --END-- [ RunTime:0.001210s ]
INFO: [ app_begin ] --START--
INFO: ReadHtmlCache Behavior ::run [ RunTime:0.000843s ]
INFO: [ app_begin ] --END-- [ RunTime:0.000939s ]
INFO: [ view_parse ] --START--
INFO: ParseTemplate Behavior ::run [ RunTime:0.010114s ]
INFO: [ view_parse ] --END-- [ RunTime:0.010240s ]
INFO: [ view_filter ] --START--
INFO: ContentReplace Behavior ::run [ RunTime:0.000934s ]
INFO: TokenBuild Behavior ::run [ RunTime:0.000645s ]
INFO: WriteHtmlCache Behavior ::run [ RunTime:0.000517s ]
INFO: ShowRuntime Behavior ::run [ RunTime:0.001416s ]
INFO: [ view_filter ] --END-- [ RunTime:0.003791s ]
INFO: [ view_end ] --START--
INFO: ShowPageTrace Behavior ::run [ RunTime:0.001218s ]
INFO: [ view_end ] --END-- [ RunTime:0.001361s ]

[ 2016-08-25T11:23:37+08:00 ] 0.0.0.0 /wish/index.php/Admin/Index/index
INFO: [ route_check ] --START--
INFO: CheckRoute Behavior ::run [ RunTime:0.001031s ]
INFO: [ route_check ] --END-- [ RunTime:0.001152s ]
INFO: [ app_begin ] --START--
INFO: ReadHtmlCache Behavior ::run [ RunTime:0.000819s ]
INFO: [ app_begin ] --END-- [ RunTime:0.000910s ]
INFO: [ view_parse ] --START--
NOTIC: [8] Use of undefined constant U - assumed 'U' D:\demo\wish\App\Runtime\Cache\Admin\9b97d702ae8c59c6681dedb3b2775bb8.php 第 33 行.
INFO: ParseTemplate Behavior ::run [ RunTime:0.011678s ]
INFO: [ view_parse ] --END-- [ RunTime:0.011788s ]
INFO: [ view_filter ] --START--
INFO: ContentReplace Behavior ::run [ RunTime:0.001049s ]
INFO: TokenBuild Behavior ::run [ RunTime:0.000747s ]
INFO: WriteHtmlCache Behavior ::run [ RunTime:0.000712s ]
INFO: ShowRuntime Behavior ::run [ RunTime:0.000827s ]
INFO: [ view_filter ] --END-- [ RunTime:0.003601s ]
INFO: [ view_end ] --START--
INFO: ShowPageTrace Behavior ::run [ RunTime:0.001218s ]
INFO: [ view_end ] --END-- [ RunTime:0.001378s ]

[ 2016-08-25T11:23:38+08:00 ] 0.0.0.0 /wish/index.php/Admin/Rbac/addRole
INFO: [ route_check ] --START--
INFO: CheckRoute Behavior ::run [ RunTime:0.001192s ]
INFO: [ route_check ] --END-- [ RunTime:0.001354s ]
INFO: [ app_begin ] --START--
INFO: ReadHtmlCache Behavior ::run [ RunTime:0.000863s ]
INFO: [ app_begin ] --END-- [ RunTime:0.000968s ]
INFO: [ view_parse ] --START--
INFO: ParseTemplate Behavior ::run [ RunTime:0.011535s ]
INFO: [ view_parse ] --END-- [ RunTime:0.011708s ]
INFO: [ view_filter ] --START--
INFO: ContentReplace Behavior ::run [ RunTime:0.001314s ]
INFO: TokenBuild Behavior ::run [ RunTime:0.000797s ]
INFO: WriteHtmlCache Behavior ::run [ RunTime:0.000647s ]
INFO: ShowRuntime Behavior ::run [ RunTime:0.000801s ]
INFO: [ view_filter ] --END-- [ RunTime:0.003910s ]
INFO: [ view_end ] --START--
INFO: ShowPageTrace Behavior ::run [ RunTime:0.000915s ]
INFO: [ view_end ] --END-- [ RunTime:0.001014s ]

[ 2016-08-25T11:23:41+08:00 ] 0.0.0.0 /wish/index.php/Admin/Index/index
INFO: [ route_check ] --START--
INFO: CheckRoute Behavior ::run [ RunTime:0.001526s ]
INFO: [ route_check ] --END-- [ RunTime:0.001650s ]
INFO: [ app_begin ] --START--
INFO: ReadHtmlCache Behavior ::run [ RunTime:0.001023s ]
INFO: [ app_begin ] --END-- [ RunTime:0.001114s ]
INFO: [ view_parse ] --START--
NOTIC: [8] Use of undefined constant U - assumed 'U' D:\demo\wish\App\Runtime\Cache\Admin\9b97d702ae8c59c6681dedb3b2775bb8.php 第 33 行.
INFO: ParseTemplate Behavior ::run [ RunTime:0.012365s ]
INFO: [ view_parse ] --END-- [ RunTime:0.012476s ]
INFO: [ view_filter ] --START--
INFO: ContentReplace Behavior ::run [ RunTime:0.001136s ]
INFO: TokenBuild Behavior ::run [ RunTime:0.000949s ]
INFO: WriteHtmlCache Behavior ::run [ RunTime:0.000819s ]
INFO: ShowRuntime Behavior ::run [ RunTime:0.001175s ]
INFO: [ view_filter ] --END-- [ RunTime:0.004380s ]
INFO: [ view_end ] --START--
INFO: ShowPageTrace Behavior ::run [ RunTime:0.002625s ]
INFO: [ view_end ] --END-- [ RunTime:0.002764s ]

[ 2016-08-25T11:23:44+08:00 ] 0.0.0.0 /wish/index.php/Admin/Rbac/addRole
INFO: [ route_check ] --START--
INFO: CheckRoute Behavior ::run [ RunTime:0.000987s ]
INFO: [ route_check ] --END-- [ RunTime:0.001128s ]
INFO: [ app_begin ] --START--
INFO: ReadHtmlCache Behavior ::run [ RunTime:0.000840s ]
INFO: [ app_begin ] --END-- [ RunTime:0.000941s ]
INFO: [ view_parse ] --START--
INFO: ParseTemplate Behavior ::run [ RunTime:0.011280s ]
INFO: [ view_parse ] --END-- [ RunTime:0.011419s ]
INFO: [ view_filter ] --START--
INFO: ContentReplace Behavior ::run [ RunTime:0.000983s ]
INFO: TokenBuild Behavior ::run [ RunTime:0.000668s ]
INFO: WriteHtmlCache Behavior ::run [ RunTime:0.000833s ]
INFO: ShowRuntime Behavior ::run [ RunTime:0.000786s ]
INFO: [ view_filter ] --END-- [ RunTime:0.003557s ]
INFO: [ view_end ] --START--
INFO: ShowPageTrace Behavior ::run [ RunTime:0.000880s ]
INFO: [ view_end ] --END-- [ RunTime:0.000983s ]

[ 2016-08-25T11:24:00+08:00 ] 0.0.0.0 /wish/index.php/Admin/Index/index
INFO: [ route_check ] --START--
INFO: CheckRoute Behavior ::run [ RunTime:0.001346s ]
INFO: [ route_check ] --END-- [ RunTime:0.001482s ]
INFO: [ app_begin ] --START--
INFO: ReadHtmlCache Behavior ::run [ RunTime:0.000876s ]
INFO: [ app_begin ] --END-- [ RunTime:0.000975s ]
INFO: [ view_parse ] --START--
NOTIC: [8] Use of undefined constant U - assumed 'U' D:\demo\wish\App\Runtime\Cache\Admin\9b97d702ae8c59c6681dedb3b2775bb8.php 第 33 行.
INFO: ParseTemplate Behavior ::run [ RunTime:0.010766s ]
INFO: [ view_parse ] --END-- [ RunTime:0.010876s ]
INFO: [ view_filter ] --START--
INFO: ContentReplace Behavior ::run [ RunTime:0.001647s ]
INFO: TokenBuild Behavior ::run [ RunTime:0.001018s ]
INFO: WriteHtmlCache Behavior ::run [ RunTime:0.000732s ]
INFO: ShowRuntime Behavior ::run [ RunTime:0.000864s ]
INFO: [ view_filter ] --END-- [ RunTime:0.004610s ]
INFO: [ view_end ] --START--
INFO: ShowPageTrace Behavior ::run [ RunTime:0.000928s ]
INFO: [ view_end ] --END-- [ RunTime:0.001023s ]

[ 2016-08-25T11:24:02+08:00 ] 0.0.0.0 /wish/index.php/Admin/Rbac/addRole
INFO: [ route_check ] --START--
INFO: CheckRoute Behavior ::run [ RunTime:0.001063s ]
INFO: [ route_check ] --END-- [ RunTime:0.001193s ]
INFO: [ app_begin ] --START--
INFO: ReadHtmlCache Behavior ::run [ RunTime:0.001090s ]
INFO: [ app_begin ] --END-- [ RunTime:0.001241s ]
INFO: [ view_parse ] --START--
INFO: ParseTemplate Behavior ::run [ RunTime:0.010169s ]
INFO: [ view_parse ] --END-- [ RunTime:0.010292s ]
INFO: [ view_filter ] --START--
INFO: ContentReplace Behavior ::run [ RunTime:0.000931s ]
INFO: TokenBuild Behavior ::run [ RunTime:0.001401s ]
INFO: WriteHtmlCache Behavior ::run [ RunTime:0.000742s ]
INFO: ShowRuntime Behavior ::run [ RunTime:0.000793s ]
INFO: [ view_filter ] --END-- [ RunTime:0.004225s ]
INFO: [ view_end ] --START--
INFO: ShowPageTrace Behavior ::run [ RunTime:0.001103s ]
INFO: [ view_end ] --END-- [ RunTime:0.001227s ]

[ 2016-08-25T11:24:23+08:00 ] 0.0.0.0 /wish/index.php/Admin/Index/index
INFO: [ route_check ] --START--
INFO: CheckRoute Behavior ::run [ RunTime:0.001047s ]
INFO: [ route_check ] --END-- [ RunTime:0.001168s ]
INFO: [ app_begin ] --START--
INFO: ReadHtmlCache Behavior ::run [ RunTime:0.001386s ]
INFO: [ app_begin ] --END-- [ RunTime:0.001552s ]
INFO: [ view_parse ] --START--
NOTIC: [8] Use of undefined constant U - assumed 'U' D:\demo\wish\App\Runtime\Cache\Admin\9b97d702ae8c59c6681dedb3b2775bb8.php 第 33 行.
INFO: ParseTemplate Behavior ::run [ RunTime:0.012307s ]
INFO: [ view_parse ] --END-- [ RunTime:0.012420s ]
INFO: [ view_filter ] --START--
INFO: ContentReplace Behavior ::run [ RunTime:0.001089s ]
INFO: TokenBuild Behavior ::run [ RunTime:0.000785s ]
INFO: WriteHtmlCache Behavior ::run [ RunTime:0.000608s ]
INFO: ShowRuntime Behavior ::run [ RunTime:0.000843s ]
INFO: [ view_filter ] --END-- [ RunTime:0.003591s ]
INFO: [ view_end ] --START--
INFO: ShowPageTrace Behavior ::run [ RunTime:0.000909s ]
INFO: [ view_end ] --END-- [ RunTime:0.001005s ]

[ 2016-08-25T11:24:24+08:00 ] 0.0.0.0 /wish/index.php/Admin/Rbac/addRole
INFO: [ route_check ] --START--
INFO: CheckRoute Behavior ::run [ RunTime:0.001032s ]
INFO: [ route_check ] --END-- [ RunTime:0.001190s ]
INFO: [ app_begin ] --START--
INFO: ReadHtmlCache Behavior ::run [ RunTime:0.001011s ]
INFO: [ app_begin ] --END-- [ RunTime:0.001152s ]
INFO: [ view_parse ] --START--
INFO: ParseTemplate Behavior ::run [ RunTime:0.010278s ]
INFO: [ view_parse ] --END-- [ RunTime:0.010470s ]
INFO: [ view_filter ] --START--
INFO: ContentReplace Behavior ::run [ RunTime:0.000989s ]
INFO: TokenBuild Behavior ::run [ RunTime:0.000738s ]
INFO: WriteHtmlCache Behavior ::run [ RunTime:0.001864s ]
INFO: ShowRuntime Behavior ::run [ RunTime:0.001199s ]
INFO: [ view_filter ] --END-- [ RunTime:0.005176s ]
INFO: [ view_end ] --START--
INFO: ShowPageTrace Behavior ::run [ RunTime:0.000893s ]
INFO: [ view_end ] --END-- [ RunTime:0.000993s ]

[ 2016-08-25T11:29:12+08:00 ] 0.0.0.0 /wish/index.php/Admin/Index/index
INFO: [ route_check ] --START--
INFO: CheckRoute Behavior ::run [ RunTime:0.001424s ]
INFO: [ route_check ] --END-- [ RunTime:0.001540s ]
INFO: [ app_begin ] --START--
INFO: ReadHtmlCache Behavior ::run [ RunTime:0.001028s ]
INFO: [ app_begin ] --END-- [ RunTime:0.001118s ]
INFO: [ view_parse ] --START--
NOTIC: [8] Use of undefined constant U - assumed 'U' D:\demo\wish\App\Runtime\Cache\Admin\9b97d702ae8c59c6681dedb3b2775bb8.php 第 33 行.
INFO: ParseTemplate Behavior ::run [ RunTime:0.011468s ]
INFO: [ view_parse ] --END-- [ RunTime:0.011580s ]
INFO: [ view_filter ] --START--
INFO: ContentReplace Behavior ::run [ RunTime:0.001458s ]
INFO: TokenBuild Behavior ::run [ RunTime:0.001062s ]
INFO: WriteHtmlCache Behavior ::run [ RunTime:0.000895s ]
INFO: ShowRuntime Behavior ::run [ RunTime:0.001083s ]
INFO: [ view_filter ] --END-- [ RunTime:0.004780s ]
INFO: [ view_end ] --START--
INFO: ShowPageTrace Behavior ::run [ RunTime:0.001136s ]
INFO: [ view_end ] --END-- [ RunTime:0.001231s ]

[ 2016-08-25T11:29:14+08:00 ] 0.0.0.0 /wish/index.php/Admin/Rbac/addRole
INFO: [ route_check ] --START--
INFO: CheckRoute Behavior ::run [ RunTime:0.001088s ]
INFO: [ route_check ] --END-- [ RunTime:0.001234s ]
INFO: [ app_begin ] --START--
INFO: ReadHtmlCache Behavior ::run [ RunTime:0.001329s ]
INFO: [ app_begin ] --END-- [ RunTime:0.001474s ]
INFO: [ view_parse ] --START--
INFO: ParseTemplate Behavior ::run [ RunTime:0.010645s ]
INFO: [ view_parse ] --END-- [ RunTime:0.010807s ]
INFO: [ view_filter ] --START--
INFO: ContentReplace Behavior ::run [ RunTime:0.000982s ]
INFO: TokenBuild Behavior ::run [ RunTime:0.000745s ]
INFO: WriteHtmlCache Behavior ::run [ RunTime:0.000600s ]
INFO: ShowRuntime Behavior ::run [ RunTime:0.000814s ]
INFO: [ view_filter ] --END-- [ RunTime:0.003452s ]
INFO: [ view_end ] --START--
INFO: ShowPageTrace Behavior ::run [ RunTime:0.000939s ]
INFO: [ view_end ] --END-- [ RunTime:0.001045s ]

[ 2016-08-25T11:29:57+08:00 ] 0.0.0.0 /wish/index.php/Admin/Rabc/addRoleHandle
INFO: [ route_check ] --START--
INFO: CheckRoute Behavior ::run [ RunTime:0.001046s ]
INFO: [ route_check ] --END-- [ RunTime:0.001181s ]
INFO: [ app_begin ] --START--
INFO: ReadHtmlCache Behavior ::run [ RunTime:0.000929s ]
INFO: [ app_begin ] --END-- [ RunTime:0.001027s ]
ERR: 无法加载模块:Rabc

[ 2016-08-25T11:30:55+08:00 ] 0.0.0.0 /wish/index.php/Admin/Index/index
INFO: [ route_check ] --START--
INFO: CheckRoute Behavior ::run [ RunTime:0.001455s ]
INFO: [ route_check ] --END-- [ RunTime:0.001729s ]
INFO: [ app_begin ] --START--
INFO: ReadHtmlCache Behavior ::run [ RunTime:0.000795s ]
INFO: [ app_begin ] --END-- [ RunTime:0.000885s ]
INFO: [ view_parse ] --START--
NOTIC: [8] Use of undefined constant U - assumed 'U' D:\demo\wish\App\Runtime\Cache\Admin\9b97d702ae8c59c6681dedb3b2775bb8.php 第 33 行.
INFO: ParseTemplate Behavior ::run [ RunTime:0.010056s ]
INFO: [ view_parse ] --END-- [ RunTime:0.010163s ]
INFO: [ view_filter ] --START--
INFO: ContentReplace Behavior ::run [ RunTime:0.001069s ]
INFO: TokenBuild Behavior ::run [ RunTime:0.002481s ]
INFO: WriteHtmlCache Behavior ::run [ RunTime:0.001039s ]
INFO: ShowRuntime Behavior ::run [ RunTime:0.000827s ]
INFO: [ view_filter ] --END-- [ RunTime:0.005735s ]
INFO: [ view_end ] --START--
INFO: ShowPageTrace Behavior ::run [ RunTime:0.000852s ]
INFO: [ view_end ] --END-- [ RunTime:0.000946s ]

[ 2016-08-25T11:30:57+08:00 ] 0.0.0.0 /wish/index.php/Admin/Rbac/addRole
INFO: [ route_check ] --START--
INFO: CheckRoute Behavior ::run [ RunTime:0.001335s ]
INFO: [ route_check ] --END-- [ RunTime:0.001562s ]
INFO: [ app_begin ] --START--
INFO: ReadHtmlCache Behavior ::run [ RunTime:0.000878s ]
INFO: [ app_begin ] --END-- [ RunTime:0.000978s ]
INFO: [ view_parse ] --START--
INFO: ParseTemplate Behavior ::run [ RunTime:0.014366s ]
INFO: [ view_parse ] --END-- [ RunTime:0.014498s ]
INFO: [ view_filter ] --START--
INFO: ContentReplace Behavior ::run [ RunTime:0.001318s ]
INFO: TokenBuild Behavior ::run [ RunTime:0.000804s ]
INFO: WriteHtmlCache Behavior ::run [ RunTime:0.000658s ]
INFO: ShowRuntime Behavior ::run [ RunTime:0.001696s ]
INFO: [ view_filter ] --END-- [ RunTime:0.005125s ]
INFO: [ view_end ] --START--
INFO: ShowPageTrace Behavior ::run [ RunTime:0.001513s ]
INFO: [ view_end ] --END-- [ RunTime:0.001701s ]

[ 2016-08-25T11:31:05+08:00 ] 0.0.0.0 /wish/index.php/Admin/Rbac/addRoleHandle
INFO: [ route_check ] --START--
INFO: CheckRoute Behavior ::run [ RunTime:0.001112s ]
INFO: [ route_check ] --END-- [ RunTime:0.001241s ]
INFO: [ app_begin ] --START--
INFO: ReadHtmlCache Behavior ::run [ RunTime:0.000817s ]
INFO: [ app_begin ] --END-- [ RunTime:0.000910s ]

[ 2016-08-25T11:35:42+08:00 ] 0.0.0.0 /wish/index.php/Admin/Index/index
INFO: [ route_check ] --START--
INFO: CheckRoute Behavior ::run [ RunTime:0.001453s ]
INFO: [ route_check ] --END-- [ RunTime:0.001590s ]
INFO: [ app_begin ] --START--
INFO: ReadHtmlCache Behavior ::run [ RunTime:0.001308s ]
INFO: [ app_begin ] --END-- [ RunTime:0.001520s ]
INFO: [ view_parse ] --START--
NOTIC: [8] Use of undefined constant U - assumed 'U' D:\demo\wish\App\Runtime\Cache\Admin\9b97d702ae8c59c6681dedb3b2775bb8.php 第 33 行.
INFO: ParseTemplate Behavior ::run [ RunTime:0.012723s ]
INFO: [ view_parse ] --END-- [ RunTime:0.012912s ]
INFO: [ view_filter ] --START--
INFO: ContentReplace Behavior ::run [ RunTime:0.001627s ]
INFO: TokenBuild Behavior ::run [ RunTime:0.000971s ]
INFO: WriteHtmlCache Behavior ::run [ RunTime:0.000814s ]
INFO: ShowRuntime Behavior ::run [ RunTime:0.001245s ]
INFO: [ view_filter ] --END-- [ RunTime:0.005036s ]
INFO: [ view_end ] --START--
INFO: ShowPageTrace Behavior ::run [ RunTime:0.001078s ]
INFO: [ view_end ] --END-- [ RunTime:0.001176s ]

[ 2016-08-25T11:35:44+08:00 ] 0.0.0.0 /wish/index.php/Admin/Rbac/addRole
INFO: [ route_check ] --START--
INFO: CheckRoute Behavior ::run [ RunTime:0.001922s ]
INFO: [ route_check ] --END-- [ RunTime:0.002097s ]
INFO: [ app_begin ] --START--
INFO: ReadHtmlCache Behavior ::run [ RunTime:0.001056s ]
INFO: [ app_begin ] --END-- [ RunTime:0.001172s ]
INFO: [ view_parse ] --START--
INFO: ParseTemplate Behavior ::run [ RunTime:0.011914s ]
INFO: [ view_parse ] --END-- [ RunTime:0.012037s ]
INFO: [ view_filter ] --START--
INFO: ContentReplace Behavior ::run [ RunTime:0.001042s ]
INFO: TokenBuild Behavior ::run [ RunTime:0.000767s ]
INFO: WriteHtmlCache Behavior ::run [ RunTime:0.000643s ]
INFO: ShowRuntime Behavior ::run [ RunTime:0.000816s ]
INFO: [ view_filter ] --END-- [ RunTime:0.003521s ]
INFO: [ view_end ] --START--
INFO: ShowPageTrace Behavior ::run [ RunTime:0.000963s ]
INFO: [ view_end ] --END-- [ RunTime:0.001051s ]

[ 2016-08-25T11:36:05+08:00 ] 0.0.0.0 /wish/index.php/Admin/Rbac/addRoleHandle
INFO: [ route_check ] --START--
INFO: CheckRoute Behavior ::run [ RunTime:0.001289s ]
INFO: [ route_check ] --END-- [ RunTime:0.001500s ]
INFO: [ app_begin ] --START--
INFO: ReadHtmlCache Behavior ::run [ RunTime:0.000837s ]
INFO: [ app_begin ] --END-- [ RunTime:0.000940s ]
SQL: SHOW COLUMNS FROM `hd_role` [ RunTime:0.060211s ]
SQL: INSERT INTO `hd_role` (`name`,`remark`,`status`) VALUES ('Manager','普通管理员',1) [ RunTime:0.000499s ]
INFO: [ view_parse ] --START--
INFO: ParseTemplate Behavior ::run [ RunTime:0.041758s ]
INFO: [ view_parse ] --END-- [ RunTime:0.041882s ]
INFO: [ view_filter ] --START--
INFO: ContentReplace Behavior ::run [ RunTime:0.001074s ]
INFO: TokenBuild Behavior ::run [ RunTime:0.000793s ]
INFO: WriteHtmlCache Behavior ::run [ RunTime:0.000657s ]
INFO: ShowRuntime Behavior ::run [ RunTime:0.000918s ]
INFO: [ view_filter ] --END-- [ RunTime:0.003745s ]
INFO: [ view_end ] --START--
INFO: ShowPageTrace Behavior ::run [ RunTime:0.001076s ]
INFO: [ view_end ] --END-- [ RunTime:0.001171s ]

[ 2016-08-25T11:36:06+08:00 ] 0.0.0.0 /wish/index.php/Admin/Rbac/role
INFO: [ route_check ] --START--
INFO: CheckRoute Behavior ::run [ RunTime:0.001050s ]
INFO: [ route_check ] --END-- [ RunTime:0.001172s ]
INFO: [ app_begin ] --START--
INFO: ReadHtmlCache Behavior ::run [ RunTime:0.000904s ]
INFO: [ app_begin ] --END-- [ RunTime:0.001004s ]

[ 2016-08-25T11:37:10+08:00 ] 0.0.0.0 /wish/index.php/Admin/Rbac/addRole
INFO: [ route_check ] --START--
INFO: CheckRoute Behavior ::run [ RunTime:0.001049s ]
INFO: [ route_check ] --END-- [ RunTime:0.001174s ]
INFO: [ app_begin ] --START--
INFO: ReadHtmlCache Behavior ::run [ RunTime:0.000839s ]
INFO: [ app_begin ] --END-- [ RunTime:0.000928s ]
INFO: [ view_parse ] --START--
INFO: ParseTemplate Behavior ::run [ RunTime:0.010004s ]
INFO: [ view_parse ] --END-- [ RunTime:0.010118s ]
INFO: [ view_filter ] --START--
INFO: ContentReplace Behavior ::run [ RunTime:0.000984s ]
INFO: TokenBuild Behavior ::run [ RunTime:0.001162s ]
INFO: WriteHtmlCache Behavior ::run [ RunTime:0.000641s ]
INFO: ShowRuntime Behavior ::run [ RunTime:0.000779s ]
INFO: [ view_filter ] --END-- [ RunTime:0.003832s ]
INFO: [ view_end ] --START--
INFO: ShowPageTrace Behavior ::run [ RunTime:0.000840s ]
INFO: [ view_end ] --END-- [ RunTime:0.000935s ]

[ 2016-08-25T11:37:38+08:00 ] 0.0.0.0 /wish/index.php/Admin/Rbac/addRoleHandle
INFO: [ route_check ] --START--
INFO: CheckRoute Behavior ::run [ RunTime:0.001125s ]
INFO: [ route_check ] --END-- [ RunTime:0.001248s ]
INFO: [ app_begin ] --START--
INFO: ReadHtmlCache Behavior ::run [ RunTime:0.000755s ]
INFO: [ app_begin ] --END-- [ RunTime:0.000844s ]
SQL: SHOW COLUMNS FROM `hd_role` [ RunTime:0.007049s ]
SQL: INSERT INTO `hd_role` (`name`,`remark`,`status`) VALUES ('Editor','网站编辑',1) [ RunTime:0.000424s ]
INFO: [ view_parse ] --START--
INFO: ParseTemplate Behavior ::run [ RunTime:0.012141s ]
INFO: [ view_parse ] --END-- [ RunTime:0.012353s ]
INFO: [ view_filter ] --START--
INFO: ContentReplace Behavior ::run [ RunTime:0.001171s ]
INFO: TokenBuild Behavior ::run [ RunTime:0.000865s ]
INFO: WriteHtmlCache Behavior ::run [ RunTime:0.000583s ]
INFO: ShowRuntime Behavior ::run [ RunTime:0.000854s ]
INFO: [ view_filter ] --END-- [ RunTime:0.003833s ]
INFO: [ view_end ] --START--
INFO: ShowPageTrace Behavior ::run [ RunTime:0.001077s ]
INFO: [ view_end ] --END-- [ RunTime:0.001180s ]

[ 2016-08-25T11:37:39+08:00 ] 0.0.0.0 /wish/index.php/Admin/Rbac/role
INFO: [ route_check ] --START--
INFO: CheckRoute Behavior ::run [ RunTime:0.001201s ]
INFO: [ route_check ] --END-- [ RunTime:0.001372s ]
INFO: [ app_begin ] --START--
INFO: ReadHtmlCache Behavior ::run [ RunTime:0.000936s ]
INFO: [ app_begin ] --END-- [ RunTime:0.001050s ]

[ 2016-08-25T11:40:00+08:00 ] 0.0.0.0 /wish/index.php/Admin/Index/index
INFO: [ route_check ] --START--
INFO: CheckRoute Behavior ::run [ RunTime:0.001447s ]
INFO: [ route_check ] --END-- [ RunTime:0.001573s ]
INFO: [ app_begin ] --START--
INFO: ReadHtmlCache Behavior ::run [ RunTime:0.001136s ]
INFO: [ app_begin ] --END-- [ RunTime:0.001245s ]
INFO: [ view_parse ] --START--
NOTIC: [8] Use of undefined constant U - assumed 'U' D:\demo\wish\App\Runtime\Cache\Admin\9b97d702ae8c59c6681dedb3b2775bb8.php 第 33 行.
INFO: ParseTemplate Behavior ::run [ RunTime:0.011462s ]
INFO: [ view_parse ] --END-- [ RunTime:0.011652s ]
INFO: [ view_filter ] --START--
INFO: ContentReplace Behavior ::run [ RunTime:0.001949s ]
INFO: TokenBuild Behavior ::run [ RunTime:0.001164s ]
INFO: WriteHtmlCache Behavior ::run [ RunTime:0.000762s ]
INFO: ShowRuntime Behavior ::run [ RunTime:0.000963s ]
INFO: [ view_filter ] --END-- [ RunTime:0.005239s ]
INFO: [ view_end ] --START--
INFO: ShowPageTrace Behavior ::run [ RunTime:0.001102s ]
INFO: [ view_end ] --END-- [ RunTime:0.001201s ]

[ 2016-08-25T11:40:02+08:00 ] 0.0.0.0 /wish/index.php/Admin/Rbac/role
INFO: [ route_check ] --START--
INFO: CheckRoute Behavior ::run [ RunTime:0.001118s ]
INFO: [ route_check ] --END-- [ RunTime:0.001294s ]
INFO: [ app_begin ] --START--
INFO: ReadHtmlCache Behavior ::run [ RunTime:0.000941s ]
INFO: [ app_begin ] --END-- [ RunTime:0.001041s ]
SQL: SHOW COLUMNS FROM `hd_role` [ RunTime:0.005707s ]
SQL: SELECT * FROM `hd_role`  [ RunTime:0.000336s ]

[ 2016-08-25T11:50:24+08:00 ] 0.0.0.0 /wish/index.php/Admin/Index/index
INFO: [ route_check ] --START--
INFO: CheckRoute Behavior ::run [ RunTime:0.013495s ]
INFO: [ route_check ] --END-- [ RunTime:0.013627s ]
INFO: [ app_begin ] --START--
INFO: ReadHtmlCache Behavior ::run [ RunTime:0.010812s ]
INFO: [ app_begin ] --END-- [ RunTime:0.010932s ]
INFO: [ view_parse ] --START--
NOTIC: [8] Use of undefined constant U - assumed 'U' D:\demo\wish\App\Runtime\Cache\Admin\9b97d702ae8c59c6681dedb3b2775bb8.php 第 33 行.
INFO: ParseTemplate Behavior ::run [ RunTime:0.103297s ]
INFO: [ view_parse ] --END-- [ RunTime:0.103438s ]
INFO: [ view_filter ] --START--
INFO: ContentReplace Behavior ::run [ RunTime:0.040527s ]
INFO: TokenBuild Behavior ::run [ RunTime:0.010316s ]
INFO: WriteHtmlCache Behavior ::run [ RunTime:0.007893s ]
INFO: ShowRuntime Behavior ::run [ RunTime:0.001218s ]
INFO: [ view_filter ] --END-- [ RunTime:0.060259s ]
INFO: [ view_end ] --START--
INFO: ShowPageTrace Behavior ::run [ RunTime:0.015085s ]
INFO: [ view_end ] --END-- [ RunTime:0.015192s ]

[ 2016-08-25T11:50:25+08:00 ] 0.0.0.0 /wish/index.php/Admin/Rbac/role
INFO: [ route_check ] --START--
INFO: CheckRoute Behavior ::run [ RunTime:0.000967s ]
INFO: [ route_check ] --END-- [ RunTime:0.001084s ]
INFO: [ app_begin ] --START--
INFO: ReadHtmlCache Behavior ::run [ RunTime:0.000818s ]
INFO: [ app_begin ] --END-- [ RunTime:0.000905s ]
ERR: Action:M您所请求的方法不存在！

[ 2016-08-25T11:52:06+08:00 ] 0.0.0.0 /wish/index.php/Admin/Index/index
INFO: [ route_check ] --START--
INFO: CheckRoute Behavior ::run [ RunTime:0.001036s ]
INFO: [ route_check ] --END-- [ RunTime:0.001163s ]
INFO: [ app_begin ] --START--
INFO: ReadHtmlCache Behavior ::run [ RunTime:0.000884s ]
INFO: [ app_begin ] --END-- [ RunTime:0.000983s ]
INFO: [ view_parse ] --START--
NOTIC: [8] Use of undefined constant U - assumed 'U' D:\demo\wish\App\Runtime\Cache\Admin\9b97d702ae8c59c6681dedb3b2775bb8.php 第 33 行.
INFO: ParseTemplate Behavior ::run [ RunTime:0.009899s ]
INFO: [ view_parse ] --END-- [ RunTime:0.010006s ]
INFO: [ view_filter ] --START--
INFO: ContentReplace Behavior ::run [ RunTime:0.001223s ]
INFO: TokenBuild Behavior ::run [ RunTime:0.001131s ]
INFO: WriteHtmlCache Behavior ::run [ RunTime:0.000794s ]
INFO: ShowRuntime Behavior ::run [ RunTime:0.000810s ]
INFO: [ view_filter ] --END-- [ RunTime:0.004314s ]
INFO: [ view_end ] --START--
INFO: ShowPageTrace Behavior ::run [ RunTime:0.000868s ]
INFO: [ view_end ] --END-- [ RunTime:0.000962s ]

[ 2016-08-25T11:52:08+08:00 ] 0.0.0.0 /wish/index.php/Admin/Rbac/role
INFO: [ route_check ] --START--
INFO: CheckRoute Behavior ::run [ RunTime:0.000937s ]
INFO: [ route_check ] --END-- [ RunTime:0.001065s ]
INFO: [ app_begin ] --START--
INFO: ReadHtmlCache Behavior ::run [ RunTime:0.001009s ]
INFO: [ app_begin ] --END-- [ RunTime:0.001117s ]
ERR: Action:M您所请求的方法不存在！

[ 2016-08-25T12:29:20+08:00 ] 0.0.0.0 /wish/index.php/Admin/Index/index
INFO: [ route_check ] --START--
INFO: CheckRoute Behavior ::run [ RunTime:0.080239s ]
INFO: [ route_check ] --END-- [ RunTime:0.080381s ]
INFO: [ app_begin ] --START--
INFO: ReadHtmlCache Behavior ::run [ RunTime:0.013875s ]
INFO: [ app_begin ] --END-- [ RunTime:0.014003s ]

[ 2016-08-25T12:29:21+08:00 ] 0.0.0.0 /wish/index.php/Admin/Login/index
INFO: [ route_check ] --START--
INFO: CheckRoute Behavior ::run [ RunTime:0.001259s ]
INFO: [ route_check ] --END-- [ RunTime:0.001435s ]
INFO: [ app_begin ] --START--
INFO: ReadHtmlCache Behavior ::run [ RunTime:0.000816s ]
INFO: [ app_begin ] --END-- [ RunTime:0.000917s ]
INFO: [ view_parse ] --START--
INFO: ParseTemplate Behavior ::run [ RunTime:0.199539s ]
INFO: [ view_parse ] --END-- [ RunTime:0.199661s ]
INFO: [ view_filter ] --START--
INFO: ContentReplace Behavior ::run [ RunTime:0.020529s ]
INFO: TokenBuild Behavior ::run [ RunTime:0.010395s ]
INFO: WriteHtmlCache Behavior ::run [ RunTime:0.007921s ]
INFO: ShowRuntime Behavior ::run [ RunTime:0.001307s ]
INFO: [ view_filter ] --END-- [ RunTime:0.040462s ]
INFO: [ view_end ] --START--
INFO: ShowPageTrace Behavior ::run [ RunTime:0.015064s ]
INFO: [ view_end ] --END-- [ RunTime:0.015170s ]

[ 2016-08-25T12:29:21+08:00 ] 0.0.0.0 /wish/index.php/Admin/Login/verify
INFO: [ route_check ] --START--
INFO: CheckRoute Behavior ::run [ RunTime:0.001029s ]
INFO: [ route_check ] --END-- [ RunTime:0.001156s ]
INFO: [ app_begin ] --START--
INFO: ReadHtmlCache Behavior ::run [ RunTime:0.001020s ]
INFO: [ app_begin ] --END-- [ RunTime:0.001154s ]

[ 2016-08-25T12:29:39+08:00 ] 0.0.0.0 /wish/index.php/Admin/Login/login
INFO: [ route_check ] --START--
INFO: CheckRoute Behavior ::run [ RunTime:0.001816s ]
INFO: [ route_check ] --END-- [ RunTime:0.002097s ]
INFO: [ app_begin ] --START--
INFO: ReadHtmlCache Behavior ::run [ RunTime:0.000879s ]
INFO: [ app_begin ] --END-- [ RunTime:0.000989s ]
INFO: [ view_parse ] --START--
INFO: ParseTemplate Behavior ::run [ RunTime:0.069473s ]
INFO: [ view_parse ] --END-- [ RunTime:0.069649s ]
INFO: [ view_filter ] --START--
INFO: ContentReplace Behavior ::run [ RunTime:0.001038s ]
INFO: TokenBuild Behavior ::run [ RunTime:0.000673s ]
INFO: WriteHtmlCache Behavior ::run [ RunTime:0.000555s ]
INFO: ShowRuntime Behavior ::run [ RunTime:0.000783s ]
INFO: [ view_filter ] --END-- [ RunTime:0.003312s ]
INFO: [ view_end ] --START--
INFO: ShowPageTrace Behavior ::run [ RunTime:0.000892s ]
INFO: [ view_end ] --END-- [ RunTime:0.000984s ]

[ 2016-08-25T12:29:42+08:00 ] 0.0.0.0 /wish/index.php/Admin/Login/verify
INFO: [ route_check ] --START--
INFO: CheckRoute Behavior ::run [ RunTime:0.002661s ]
INFO: [ route_check ] --END-- [ RunTime:0.002921s ]
INFO: [ app_begin ] --START--
INFO: ReadHtmlCache Behavior ::run [ RunTime:0.001309s ]
INFO: [ app_begin ] --END-- [ RunTime:0.001505s ]

[ 2016-08-25T12:29:54+08:00 ] 0.0.0.0 /wish/index.php/Admin/Login/login
INFO: [ route_check ] --START--
INFO: CheckRoute Behavior ::run [ RunTime:0.001563s ]
INFO: [ route_check ] --END-- [ RunTime:0.001766s ]
INFO: [ app_begin ] --START--
INFO: ReadHtmlCache Behavior ::run [ RunTime:0.001422s ]
INFO: [ app_begin ] --END-- [ RunTime:0.001623s ]
SQL: SHOW COLUMNS FROM `hd_user` [ RunTime:0.006518s ]
SQL: SELECT * FROM `hd_user` WHERE ( `username` = 'admin' ) LIMIT 1   [ RunTime:0.000404s ]
NOTIC: [8] Undefined index: lock D:\demo\wish\App\Modules\Admin\Action\LoginAction.class.php 第 32 行.
SQL: UPDATE `hd_user` SET `logintime`=1472099394 WHERE ( `id` = 3 ) [ RunTime:0.077465s ]

[ 2016-08-25T12:29:54+08:00 ] 0.0.0.0 /wish/index.php/Admin/Index/index
INFO: [ route_check ] --START--
INFO: CheckRoute Behavior ::run [ RunTime:0.001284s ]
INFO: [ route_check ] --END-- [ RunTime:0.001454s ]
INFO: [ app_begin ] --START--
INFO: ReadHtmlCache Behavior ::run [ RunTime:0.000997s ]
INFO: [ app_begin ] --END-- [ RunTime:0.001098s ]
INFO: [ view_parse ] --START--
NOTIC: [8] Use of undefined constant U - assumed 'U' D:\demo\wish\App\Runtime\Cache\Admin\9b97d702ae8c59c6681dedb3b2775bb8.php 第 33 行.
INFO: ParseTemplate Behavior ::run [ RunTime:0.028213s ]
INFO: [ view_parse ] --END-- [ RunTime:0.028355s ]
INFO: [ view_filter ] --START--
INFO: ContentReplace Behavior ::run [ RunTime:0.001301s ]
INFO: TokenBuild Behavior ::run [ RunTime:0.001004s ]
INFO: WriteHtmlCache Behavior ::run [ RunTime:0.000863s ]
INFO: ShowRuntime Behavior ::run [ RunTime:0.001028s ]
INFO: [ view_filter ] --END-- [ RunTime:0.004544s ]
INFO: [ view_end ] --START--
INFO: ShowPageTrace Behavior ::run [ RunTime:0.001088s ]
INFO: [ view_end ] --END-- [ RunTime:0.001223s ]

[ 2016-08-25T12:29:59+08:00 ] 0.0.0.0 /wish/index.php/Admin/Rbac/role
INFO: [ route_check ] --START--
INFO: CheckRoute Behavior ::run [ RunTime:0.000996s ]
INFO: [ route_check ] --END-- [ RunTime:0.001134s ]
INFO: [ app_begin ] --START--
INFO: ReadHtmlCache Behavior ::run [ RunTime:0.000802s ]
INFO: [ app_begin ] --END-- [ RunTime:0.000925s ]

[ 2016-08-25T12:30:26+08:00 ] 0.0.0.0 /wish/index.php/Admin/Index/index
INFO: [ route_check ] --START--
INFO: CheckRoute Behavior ::run [ RunTime:0.001217s ]
INFO: [ route_check ] --END-- [ RunTime:0.001368s ]
INFO: [ app_begin ] --START--
INFO: ReadHtmlCache Behavior ::run [ RunTime:0.000879s ]
INFO: [ app_begin ] --END-- [ RunTime:0.002659s ]
INFO: [ view_parse ] --START--
NOTIC: [8] Use of undefined constant U - assumed 'U' D:\demo\wish\App\Runtime\Cache\Admin\9b97d702ae8c59c6681dedb3b2775bb8.php 第 33 行.
INFO: ParseTemplate Behavior ::run [ RunTime:0.013146s ]
INFO: [ view_parse ] --END-- [ RunTime:0.013269s ]
INFO: [ view_filter ] --START--
INFO: ContentReplace Behavior ::run [ RunTime:0.001099s ]
INFO: TokenBuild Behavior ::run [ RunTime:0.000743s ]
INFO: WriteHtmlCache Behavior ::run [ RunTime:0.000559s ]
INFO: ShowRuntime Behavior ::run [ RunTime:0.000736s ]
INFO: [ view_filter ] --END-- [ RunTime:0.003427s ]
INFO: [ view_end ] --START--
INFO: ShowPageTrace Behavior ::run [ RunTime:0.001125s ]
INFO: [ view_end ] --END-- [ RunTime:0.001240s ]

[ 2016-08-25T12:30:28+08:00 ] 0.0.0.0 /wish/index.php/Admin/Rbac/role
INFO: [ route_check ] --START--
INFO: CheckRoute Behavior ::run [ RunTime:0.001765s ]
INFO: [ route_check ] --END-- [ RunTime:0.002017s ]
INFO: [ app_begin ] --START--
INFO: ReadHtmlCache Behavior ::run [ RunTime:0.000835s ]
INFO: [ app_begin ] --END-- [ RunTime:0.000939s ]
SQL: SHOW COLUMNS FROM `hd_role` [ RunTime:0.039124s ]
SQL: SELECT * FROM `hd_role`  [ RunTime:0.000343s ]
INFO: [ view_parse ] --START--
INFO: ParseTemplate Behavior ::run [ RunTime:0.027356s ]
INFO: [ view_parse ] --END-- [ RunTime:0.027545s ]
INFO: [ view_filter ] --START--
INFO: ContentReplace Behavior ::run [ RunTime:0.001322s ]
INFO: TokenBuild Behavior ::run [ RunTime:0.001189s ]
INFO: WriteHtmlCache Behavior ::run [ RunTime:0.000810s ]
INFO: ShowRuntime Behavior ::run [ RunTime:0.000913s ]
INFO: [ view_filter ] --END-- [ RunTime:0.004713s ]
INFO: [ view_end ] --START--
INFO: ShowPageTrace Behavior ::run [ RunTime:0.001001s ]
INFO: [ view_end ] --END-- [ RunTime:0.001121s ]

[ 2016-08-25T12:31:23+08:00 ] 0.0.0.0 /wish/index.php/Admin/Index/index
INFO: [ route_check ] --START--
INFO: CheckRoute Behavior ::run [ RunTime:0.001648s ]
INFO: [ route_check ] --END-- [ RunTime:0.001769s ]
INFO: [ app_begin ] --START--
INFO: ReadHtmlCache Behavior ::run [ RunTime:0.001020s ]
INFO: [ app_begin ] --END-- [ RunTime:0.001116s ]
INFO: [ view_parse ] --START--
NOTIC: [8] Use of undefined constant U - assumed 'U' D:\demo\wish\App\Runtime\Cache\Admin\9b97d702ae8c59c6681dedb3b2775bb8.php 第 33 行.
INFO: ParseTemplate Behavior ::run [ RunTime:0.012888s ]
INFO: [ view_parse ] --END-- [ RunTime:0.013056s ]
INFO: [ view_filter ] --START--
INFO: ContentReplace Behavior ::run [ RunTime:0.002375s ]
INFO: TokenBuild Behavior ::run [ RunTime:0.001109s ]
INFO: WriteHtmlCache Behavior ::run [ RunTime:0.000928s ]
INFO: ShowRuntime Behavior ::run [ RunTime:0.001341s ]
INFO: [ view_filter ] --END-- [ RunTime:0.006091s ]
INFO: [ view_end ] --START--
INFO: ShowPageTrace Behavior ::run [ RunTime:0.001236s ]
INFO: [ view_end ] --END-- [ RunTime:0.001334s ]

[ 2016-08-25T12:31:24+08:00 ] 0.0.0.0 /wish/index.php/Admin/Rbac/role
INFO: [ route_check ] --START--
INFO: CheckRoute Behavior ::run [ RunTime:0.001140s ]
INFO: [ route_check ] --END-- [ RunTime:0.001323s ]
INFO: [ app_begin ] --START--
INFO: ReadHtmlCache Behavior ::run [ RunTime:0.002018s ]
INFO: [ app_begin ] --END-- [ RunTime:0.002181s ]
SQL: SHOW COLUMNS FROM `hd_role` [ RunTime:0.006252s ]
SQL: SELECT * FROM `hd_role`  [ RunTime:0.000871s ]
INFO: [ view_parse ] --START--
INFO: ParseTemplate Behavior ::run [ RunTime:0.012977s ]
INFO: [ view_parse ] --END-- [ RunTime:0.013113s ]
INFO: [ view_filter ] --START--
INFO: ContentReplace Behavior ::run [ RunTime:0.001180s ]
INFO: TokenBuild Behavior ::run [ RunTime:0.000970s ]
INFO: WriteHtmlCache Behavior ::run [ RunTime:0.000585s ]
INFO: ShowRuntime Behavior ::run [ RunTime:0.000782s ]
INFO: [ view_filter ] --END-- [ RunTime:0.003832s ]
INFO: [ view_end ] --START--
INFO: ShowPageTrace Behavior ::run [ RunTime:0.000866s ]
INFO: [ view_end ] --END-- [ RunTime:0.000960s ]

[ 2016-08-25T14:02:26+08:00 ] 0.0.0.0 /wish/index.php/Admin/Index/index
INFO: [ route_check ] --START--
INFO: CheckRoute Behavior ::run [ RunTime:0.046808s ]
INFO: [ route_check ] --END-- [ RunTime:0.046944s ]
INFO: [ app_begin ] --START--
INFO: ReadHtmlCache Behavior ::run [ RunTime:0.022151s ]
INFO: [ app_begin ] --END-- [ RunTime:0.022286s ]

[ 2016-08-25T14:02:27+08:00 ] 0.0.0.0 /wish/index.php/Admin/Login/index
INFO: [ route_check ] --START--
INFO: CheckRoute Behavior ::run [ RunTime:0.001075s ]
INFO: [ route_check ] --END-- [ RunTime:0.001192s ]
INFO: [ app_begin ] --START--
INFO: ReadHtmlCache Behavior ::run [ RunTime:0.000787s ]
INFO: [ app_begin ] --END-- [ RunTime:0.000884s ]
INFO: [ view_parse ] --START--
INFO: ParseTemplate Behavior ::run [ RunTime:0.240761s ]
INFO: [ view_parse ] --END-- [ RunTime:0.240897s ]
INFO: [ view_filter ] --START--
INFO: ContentReplace Behavior ::run [ RunTime:0.012609s ]
INFO: TokenBuild Behavior ::run [ RunTime:0.011099s ]
INFO: WriteHtmlCache Behavior ::run [ RunTime:0.007092s ]
INFO: ShowRuntime Behavior ::run [ RunTime:0.001491s ]
INFO: [ view_filter ] --END-- [ RunTime:0.032625s ]
INFO: [ view_end ] --START--
INFO: ShowPageTrace Behavior ::run [ RunTime:0.014748s ]
INFO: [ view_end ] --END-- [ RunTime:0.014857s ]

[ 2016-08-25T14:02:27+08:00 ] 0.0.0.0 /wish/index.php/Admin/Login/verify
INFO: [ route_check ] --START--
INFO: CheckRoute Behavior ::run [ RunTime:0.001120s ]
INFO: [ route_check ] --END-- [ RunTime:0.001291s ]
INFO: [ app_begin ] --START--
INFO: ReadHtmlCache Behavior ::run [ RunTime:0.000823s ]
INFO: [ app_begin ] --END-- [ RunTime:0.000920s ]

[ 2016-08-25T14:17:00+08:00 ] 0.0.0.0 /wish/index.php/Admin/Login/login
INFO: [ route_check ] --START--
INFO: CheckRoute Behavior ::run [ RunTime:0.013569s ]
INFO: [ route_check ] --END-- [ RunTime:0.013729s ]
INFO: [ app_begin ] --START--
INFO: ReadHtmlCache Behavior ::run [ RunTime:0.013938s ]
INFO: [ app_begin ] --END-- [ RunTime:0.014057s ]
SQL: SHOW COLUMNS FROM `hd_user` [ RunTime:0.005346s ]
SQL: SELECT * FROM `hd_user` WHERE ( `username` = 'admin' ) LIMIT 1   [ RunTime:0.000378s ]
NOTIC: [8] Undefined index: lock D:\demo\wish\App\Modules\Admin\Action\LoginAction.class.php 第 32 行.
SQL: UPDATE `hd_user` SET `logintime`=1472105820 WHERE ( `id` = 3 ) [ RunTime:0.076232s ]

[ 2016-08-25T14:17:00+08:00 ] 0.0.0.0 /wish/index.php/Admin/Index/index
INFO: [ route_check ] --START--
INFO: CheckRoute Behavior ::run [ RunTime:0.001058s ]
INFO: [ route_check ] --END-- [ RunTime:0.001175s ]
INFO: [ app_begin ] --START--
INFO: ReadHtmlCache Behavior ::run [ RunTime:0.000832s ]
INFO: [ app_begin ] --END-- [ RunTime:0.000923s ]
INFO: [ view_parse ] --START--
NOTIC: [8] Use of undefined constant U - assumed 'U' D:\demo\wish\App\Runtime\Cache\Admin\9b97d702ae8c59c6681dedb3b2775bb8.php 第 33 行.
INFO: ParseTemplate Behavior ::run [ RunTime:0.087315s ]
INFO: [ view_parse ] --END-- [ RunTime:0.087432s ]
INFO: [ view_filter ] --START--
INFO: ContentReplace Behavior ::run [ RunTime:0.019023s ]
INFO: TokenBuild Behavior ::run [ RunTime:0.032447s ]
INFO: WriteHtmlCache Behavior ::run [ RunTime:0.007957s ]
INFO: ShowRuntime Behavior ::run [ RunTime:0.001406s ]
INFO: [ view_filter ] --END-- [ RunTime:0.061153s ]
INFO: [ view_end ] --START--
INFO: ShowPageTrace Behavior ::run [ RunTime:0.014791s ]
INFO: [ view_end ] --END-- [ RunTime:0.014928s ]

[ 2016-08-25T14:17:04+08:00 ] 0.0.0.0 /wish/index.php/Admin/Rbac/addNode
INFO: [ route_check ] --START--
INFO: CheckRoute Behavior ::run [ RunTime:0.001062s ]
INFO: [ route_check ] --END-- [ RunTime:0.001195s ]
INFO: [ app_begin ] --START--
INFO: ReadHtmlCache Behavior ::run [ RunTime:0.000936s ]
INFO: [ app_begin ] --END-- [ RunTime:0.001032s ]
ERR: 模板不存在[./App/Modules/Admin/Tpl/Rbac_addNode.html]

[ 2016-08-25T14:19:00+08:00 ] 0.0.0.0 /wish/index.php/Admin/Index/index
INFO: [ route_check ] --START--
INFO: CheckRoute Behavior ::run [ RunTime:0.000980s ]
INFO: [ route_check ] --END-- [ RunTime:0.001111s ]
INFO: [ app_begin ] --START--
INFO: ReadHtmlCache Behavior ::run [ RunTime:0.000845s ]
INFO: [ app_begin ] --END-- [ RunTime:0.000953s ]
INFO: [ view_parse ] --START--
NOTIC: [8] Use of undefined constant U - assumed 'U' D:\demo\wish\App\Runtime\Cache\Admin\9b97d702ae8c59c6681dedb3b2775bb8.php 第 33 行.
INFO: ParseTemplate Behavior ::run [ RunTime:0.011805s ]
INFO: [ view_parse ] --END-- [ RunTime:0.011966s ]
INFO: [ view_filter ] --START--
INFO: ContentReplace Behavior ::run [ RunTime:0.001397s ]
INFO: TokenBuild Behavior ::run [ RunTime:0.000711s ]
INFO: WriteHtmlCache Behavior ::run [ RunTime:0.000554s ]
INFO: ShowRuntime Behavior ::run [ RunTime:0.000738s ]
INFO: [ view_filter ] --END-- [ RunTime:0.003737s ]
INFO: [ view_end ] --START--
INFO: ShowPageTrace Behavior ::run [ RunTime:0.000832s ]
INFO: [ view_end ] --END-- [ RunTime:0.000927s ]

[ 2016-08-25T14:19:02+08:00 ] 0.0.0.0 /wish/index.php/Admin/Rbac/addNode
INFO: [ route_check ] --START--
INFO: CheckRoute Behavior ::run [ RunTime:0.001637s ]
INFO: [ route_check ] --END-- [ RunTime:0.001755s ]
INFO: [ app_begin ] --START--
INFO: ReadHtmlCache Behavior ::run [ RunTime:0.000947s ]
INFO: [ app_begin ] --END-- [ RunTime:0.001036s ]
INFO: [ view_parse ] --START--
INFO: ParseTemplate Behavior ::run [ RunTime:0.012888s ]
INFO: [ view_parse ] --END-- [ RunTime:0.013009s ]
INFO: [ view_filter ] --START--
INFO: ContentReplace Behavior ::run [ RunTime:0.001282s ]
INFO: TokenBuild Behavior ::run [ RunTime:0.000940s ]
INFO: WriteHtmlCache Behavior ::run [ RunTime:0.000788s ]
INFO: ShowRuntime Behavior ::run [ RunTime:0.001975s ]
INFO: [ view_filter ] --END-- [ RunTime:0.005277s ]
INFO: [ view_end ] --START--
INFO: ShowPageTrace Behavior ::run [ RunTime:0.001335s ]
INFO: [ view_end ] --END-- [ RunTime:0.001471s ]

[ 2016-08-25T14:26:08+08:00 ] 0.0.0.0 /wish/index.php/Admin/Rbac/addNodeHandle
INFO: [ route_check ] --START--
INFO: CheckRoute Behavior ::run [ RunTime:0.001458s ]
INFO: [ route_check ] --END-- [ RunTime:0.001590s ]
INFO: [ app_begin ] --START--
INFO: ReadHtmlCache Behavior ::run [ RunTime:0.001449s ]
INFO: [ app_begin ] --END-- [ RunTime:0.001618s ]

[ 2016-08-25T14:28:11+08:00 ] 0.0.0.0 /wish/index.php/Admin/Index/index
INFO: [ route_check ] --START--
INFO: CheckRoute Behavior ::run [ RunTime:0.001463s ]
INFO: [ route_check ] --END-- [ RunTime:0.001580s ]
INFO: [ app_begin ] --START--
INFO: ReadHtmlCache Behavior ::run [ RunTime:0.001045s ]
INFO: [ app_begin ] --END-- [ RunTime:0.001139s ]
INFO: [ view_parse ] --START--
NOTIC: [8] Use of undefined constant U - assumed 'U' D:\demo\wish\App\Runtime\Cache\Admin\9b97d702ae8c59c6681dedb3b2775bb8.php 第 33 行.
INFO: ParseTemplate Behavior ::run [ RunTime:0.012402s ]
INFO: [ view_parse ] --END-- [ RunTime:0.012517s ]
INFO: [ view_filter ] --START--
INFO: ContentReplace Behavior ::run [ RunTime:0.001265s ]
INFO: TokenBuild Behavior ::run [ RunTime:0.001094s ]
INFO: WriteHtmlCache Behavior ::run [ RunTime:0.000853s ]
INFO: ShowRuntime Behavior ::run [ RunTime:0.001079s ]
INFO: [ view_filter ] --END-- [ RunTime:0.004563s ]
INFO: [ view_end ] --START--
INFO: ShowPageTrace Behavior ::run [ RunTime:0.001070s ]
INFO: [ view_end ] --END-- [ RunTime:0.001159s ]

[ 2016-08-25T14:28:13+08:00 ] 0.0.0.0 /wish/index.php/Admin/Rbac/addNode
INFO: [ route_check ] --START--
INFO: CheckRoute Behavior ::run [ RunTime:0.001024s ]
INFO: [ route_check ] --END-- [ RunTime:0.001154s ]
INFO: [ app_begin ] --START--
INFO: ReadHtmlCache Behavior ::run [ RunTime:0.001149s ]
INFO: [ app_begin ] --END-- [ RunTime:0.001303s ]
INFO: [ view_parse ] --START--
INFO: ParseTemplate Behavior ::run [ RunTime:0.011794s ]
INFO: [ view_parse ] --END-- [ RunTime:0.011935s ]
INFO: [ view_filter ] --START--
INFO: ContentReplace Behavior ::run [ RunTime:0.001010s ]
INFO: TokenBuild Behavior ::run [ RunTime:0.000661s ]
INFO: WriteHtmlCache Behavior ::run [ RunTime:0.000547s ]
INFO: ShowRuntime Behavior ::run [ RunTime:0.000806s ]
INFO: [ view_filter ] --END-- [ RunTime:0.003272s ]
INFO: [ view_end ] --START--
INFO: ShowPageTrace Behavior ::run [ RunTime:0.001075s ]
INFO: [ view_end ] --END-- [ RunTime:0.001175s ]

[ 2016-08-25T14:28:18+08:00 ] 0.0.0.0 /wish/index.php/Admin/Rbac/addNodeHandle
INFO: [ route_check ] --START--
INFO: CheckRoute Behavior ::run [ RunTime:0.001063s ]
INFO: [ route_check ] --END-- [ RunTime:0.001190s ]
INFO: [ app_begin ] --START--
INFO: ReadHtmlCache Behavior ::run [ RunTime:0.000987s ]
INFO: [ app_begin ] --END-- [ RunTime:0.001100s ]

[ 2016-08-25T14:31:26+08:00 ] 0.0.0.0 /wish/index.php/Admin/Index/index
INFO: [ route_check ] --START--
INFO: CheckRoute Behavior ::run [ RunTime:0.001502s ]
INFO: [ route_check ] --END-- [ RunTime:0.001623s ]
INFO: [ app_begin ] --START--
INFO: ReadHtmlCache Behavior ::run [ RunTime:0.001193s ]
INFO: [ app_begin ] --END-- [ RunTime:0.001306s ]
INFO: [ view_parse ] --START--
NOTIC: [8] Use of undefined constant U - assumed 'U' D:\demo\wish\App\Runtime\Cache\Admin\9b97d702ae8c59c6681dedb3b2775bb8.php 第 33 行.
INFO: ParseTemplate Behavior ::run [ RunTime:0.012286s ]
INFO: [ view_parse ] --END-- [ RunTime:0.012413s ]
INFO: [ view_filter ] --START--
INFO: ContentReplace Behavior ::run [ RunTime:0.001292s ]
INFO: TokenBuild Behavior ::run [ RunTime:0.001001s ]
INFO: WriteHtmlCache Behavior ::run [ RunTime:0.000881s ]
INFO: ShowRuntime Behavior ::run [ RunTime:0.001044s ]
INFO: [ view_filter ] --END-- [ RunTime:0.004505s ]
INFO: [ view_end ] --START--
INFO: ShowPageTrace Behavior ::run [ RunTime:0.001151s ]
INFO: [ view_end ] --END-- [ RunTime:0.001269s ]

[ 2016-08-25T14:31:28+08:00 ] 0.0.0.0 /wish/index.php/Admin/Rbac/addNode
INFO: [ route_check ] --START--
INFO: CheckRoute Behavior ::run [ RunTime:0.001002s ]
INFO: [ route_check ] --END-- [ RunTime:0.001136s ]
INFO: [ app_begin ] --START--
INFO: ReadHtmlCache Behavior ::run [ RunTime:0.000906s ]
INFO: [ app_begin ] --END-- [ RunTime:0.001021s ]
INFO: [ view_parse ] --START--
INFO: ParseTemplate Behavior ::run [ RunTime:0.011409s ]
INFO: [ view_parse ] --END-- [ RunTime:0.011563s ]
INFO: [ view_filter ] --START--
INFO: ContentReplace Behavior ::run [ RunTime:0.001819s ]
INFO: TokenBuild Behavior ::run [ RunTime:0.000928s ]
INFO: WriteHtmlCache Behavior ::run [ RunTime:0.000714s ]
INFO: ShowRuntime Behavior ::run [ RunTime:0.000828s ]
INFO: [ view_filter ] --END-- [ RunTime:0.004573s ]
INFO: [ view_end ] --START--
INFO: ShowPageTrace Behavior ::run [ RunTime:0.000906s ]
INFO: [ view_end ] --END-- [ RunTime:0.001010s ]

[ 2016-08-25T14:32:06+08:00 ] 0.0.0.0 /wish/index.php/Admin/Rbac/addNodeHandle
INFO: [ route_check ] --START--
INFO: CheckRoute Behavior ::run [ RunTime:0.001171s ]
INFO: [ route_check ] --END-- [ RunTime:0.001296s ]
INFO: [ app_begin ] --START--
INFO: ReadHtmlCache Behavior ::run [ RunTime:0.000916s ]
INFO: [ app_begin ] --END-- [ RunTime:0.001029s ]
SQL: SHOW COLUMNS FROM `hd_node` [ RunTime:0.094774s ]
SQL: INSERT INTO `hd_node` (`name`,`title`,`status`,`sort`,`pid`,`level`) VALUES ('Admin','后台应用',1,1,0,1) [ RunTime:0.000541s ]
INFO: [ view_parse ] --START--
INFO: ParseTemplate Behavior ::run [ RunTime:0.029311s ]
INFO: [ view_parse ] --END-- [ RunTime:0.029461s ]
INFO: [ view_filter ] --START--
INFO: ContentReplace Behavior ::run [ RunTime:0.001126s ]
INFO: TokenBuild Behavior ::run [ RunTime:0.000855s ]
INFO: WriteHtmlCache Behavior ::run [ RunTime:0.000663s ]
INFO: ShowRuntime Behavior ::run [ RunTime:0.000886s ]
INFO: [ view_filter ] --END-- [ RunTime:0.003847s ]
INFO: [ view_end ] --START--
INFO: ShowPageTrace Behavior ::run [ RunTime:0.001205s ]
INFO: [ view_end ] --END-- [ RunTime:0.001360s ]

[ 2016-08-25T14:32:07+08:00 ] 0.0.0.0 /wish/index.php/Admin/Rbac/node
INFO: [ route_check ] --START--
INFO: CheckRoute Behavior ::run [ RunTime:0.002152s ]
INFO: [ route_check ] --END-- [ RunTime:0.002430s ]
INFO: [ app_begin ] --START--
INFO: ReadHtmlCache Behavior ::run [ RunTime:0.000897s ]
INFO: [ app_begin ] --END-- [ RunTime:0.001021s ]

[ 2016-08-25T14:32:44+08:00 ] 0.0.0.0 /wish/index.php/Admin/Rbac/addNode
INFO: [ route_check ] --START--
INFO: CheckRoute Behavior ::run [ RunTime:0.001185s ]
INFO: [ route_check ] --END-- [ RunTime:0.001337s ]
INFO: [ app_begin ] --START--
INFO: ReadHtmlCache Behavior ::run [ RunTime:0.000865s ]
INFO: [ app_begin ] --END-- [ RunTime:0.000965s ]
INFO: [ view_parse ] --START--
INFO: ParseTemplate Behavior ::run [ RunTime:0.012734s ]
INFO: [ view_parse ] --END-- [ RunTime:0.012851s ]
INFO: [ view_filter ] --START--
INFO: ContentReplace Behavior ::run [ RunTime:0.001110s ]
INFO: TokenBuild Behavior ::run [ RunTime:0.000772s ]
INFO: WriteHtmlCache Behavior ::run [ RunTime:0.000796s ]
INFO: ShowRuntime Behavior ::run [ RunTime:0.000864s ]
INFO: [ view_filter ] --END-- [ RunTime:0.003808s ]
INFO: [ view_end ] --START--
INFO: ShowPageTrace Behavior ::run [ RunTime:0.001255s ]
INFO: [ view_end ] --END-- [ RunTime:0.001408s ]

[ 2016-08-25T14:33:23+08:00 ] 0.0.0.0 /wish/index.php/Admin/Rbac/addNodeHandle
INFO: [ route_check ] --START--
INFO: CheckRoute Behavior ::run [ RunTime:0.001143s ]
INFO: [ route_check ] --END-- [ RunTime:0.001264s ]
INFO: [ app_begin ] --START--
INFO: ReadHtmlCache Behavior ::run [ RunTime:0.000955s ]
INFO: [ app_begin ] --END-- [ RunTime:0.001092s ]
SQL: SHOW COLUMNS FROM `hd_node` [ RunTime:0.038012s ]
SQL: INSERT INTO `hd_node` (`name`,`title`,`status`,`sort`,`pid`,`level`) VALUES ('Index','前端应用',1,1,0,1) [ RunTime:0.000394s ]
INFO: [ view_parse ] --START--
INFO: ParseTemplate Behavior ::run [ RunTime:0.011170s ]
INFO: [ view_parse ] --END-- [ RunTime:0.011296s ]
INFO: [ view_filter ] --START--
INFO: ContentReplace Behavior ::run [ RunTime:0.001106s ]
INFO: TokenBuild Behavior ::run [ RunTime:0.000763s ]
INFO: WriteHtmlCache Behavior ::run [ RunTime:0.000651s ]
INFO: ShowRuntime Behavior ::run [ RunTime:0.000838s ]
INFO: [ view_filter ] --END-- [ RunTime:0.003623s ]
INFO: [ view_end ] --START--
INFO: ShowPageTrace Behavior ::run [ RunTime:0.000913s ]
INFO: [ view_end ] --END-- [ RunTime:0.001021s ]

[ 2016-08-25T14:33:25+08:00 ] 0.0.0.0 /wish/index.php/Admin/Rbac/node
INFO: [ route_check ] --START--
INFO: CheckRoute Behavior ::run [ RunTime:0.002335s ]
INFO: [ route_check ] --END-- [ RunTime:0.002508s ]
INFO: [ app_begin ] --START--
INFO: ReadHtmlCache Behavior ::run [ RunTime:0.001084s ]
INFO: [ app_begin ] --END-- [ RunTime:0.001184s ]

[ 2016-08-25T14:37:02+08:00 ] 0.0.0.0 /wish/index.php/Admin/Index/index
INFO: [ route_check ] --START--
INFO: CheckRoute Behavior ::run [ RunTime:0.001569s ]
INFO: [ route_check ] --END-- [ RunTime:0.001696s ]
INFO: [ app_begin ] --START--
INFO: ReadHtmlCache Behavior ::run [ RunTime:0.001029s ]
INFO: [ app_begin ] --END-- [ RunTime:0.001130s ]
INFO: [ view_parse ] --START--
NOTIC: [8] Use of undefined constant U - assumed 'U' D:\demo\wish\App\Runtime\Cache\Admin\9b97d702ae8c59c6681dedb3b2775bb8.php 第 33 行.
INFO: ParseTemplate Behavior ::run [ RunTime:0.012843s ]
INFO: [ view_parse ] --END-- [ RunTime:0.013020s ]
INFO: [ view_filter ] --START--
INFO: ContentReplace Behavior ::run [ RunTime:0.001251s ]
INFO: TokenBuild Behavior ::run [ RunTime:0.000926s ]
INFO: WriteHtmlCache Behavior ::run [ RunTime:0.000719s ]
INFO: ShowRuntime Behavior ::run [ RunTime:0.000957s ]
INFO: [ view_filter ] --END-- [ RunTime:0.004149s ]
INFO: [ view_end ] --START--
INFO: ShowPageTrace Behavior ::run [ RunTime:0.001075s ]
INFO: [ view_end ] --END-- [ RunTime:0.001169s ]

[ 2016-08-25T14:37:06+08:00 ] 0.0.0.0 /wish/index.php/Admin/Rbac/node
INFO: [ route_check ] --START--
INFO: CheckRoute Behavior ::run [ RunTime:0.001342s ]
INFO: [ route_check ] --END-- [ RunTime:0.001590s ]
INFO: [ app_begin ] --START--
INFO: ReadHtmlCache Behavior ::run [ RunTime:0.000820s ]
INFO: [ app_begin ] --END-- [ RunTime:0.000928s ]
SQL: SHOW COLUMNS FROM `hd_node` [ RunTime:0.005768s ]
SQL: SELECT * FROM `hd_node` ORDER BY sort  [ RunTime:0.000433s ]

[ 2016-08-25T14:49:54+08:00 ] 0.0.0.0 /wish/index.php/Admin/Index/index
INFO: [ route_check ] --START--
INFO: CheckRoute Behavior ::run [ RunTime:0.036043s ]
INFO: [ route_check ] --END-- [ RunTime:0.036252s ]
INFO: [ app_begin ] --START--
INFO: ReadHtmlCache Behavior ::run [ RunTime:0.010124s ]
INFO: [ app_begin ] --END-- [ RunTime:0.010242s ]
INFO: [ view_parse ] --START--
NOTIC: [8] Use of undefined constant U - assumed 'U' D:\demo\wish\App\Runtime\Cache\Admin\9b97d702ae8c59c6681dedb3b2775bb8.php 第 33 行.
INFO: ParseTemplate Behavior ::run [ RunTime:0.092404s ]
INFO: [ view_parse ] --END-- [ RunTime:0.092516s ]
INFO: [ view_filter ] --START--
INFO: ContentReplace Behavior ::run [ RunTime:0.017865s ]
INFO: TokenBuild Behavior ::run [ RunTime:0.032456s ]
INFO: WriteHtmlCache Behavior ::run [ RunTime:0.007972s ]
INFO: ShowRuntime Behavior ::run [ RunTime:0.001352s ]
INFO: [ view_filter ] --END-- [ RunTime:0.060004s ]
INFO: [ view_end ] --START--
INFO: ShowPageTrace Behavior ::run [ RunTime:0.014974s ]
INFO: [ view_end ] --END-- [ RunTime:0.015104s ]

[ 2016-08-25T14:49:58+08:00 ] 0.0.0.0 /wish/index.php/Admin/Rbac/role
INFO: [ route_check ] --START--
INFO: CheckRoute Behavior ::run [ RunTime:0.001381s ]
INFO: [ route_check ] --END-- [ RunTime:0.001642s ]
INFO: [ app_begin ] --START--
INFO: ReadHtmlCache Behavior ::run [ RunTime:0.001354s ]
INFO: [ app_begin ] --END-- [ RunTime:0.001514s ]
SQL: SHOW COLUMNS FROM `hd_role` [ RunTime:0.060403s ]
SQL: SELECT * FROM `hd_role`  [ RunTime:0.000441s ]
INFO: [ view_parse ] --START--
INFO: ParseTemplate Behavior ::run [ RunTime:0.027114s ]
INFO: [ view_parse ] --END-- [ RunTime:0.027246s ]
INFO: [ view_filter ] --START--
INFO: ContentReplace Behavior ::run [ RunTime:0.001122s ]
INFO: TokenBuild Behavior ::run [ RunTime:0.001050s ]
INFO: WriteHtmlCache Behavior ::run [ RunTime:0.000627s ]
INFO: ShowRuntime Behavior ::run [ RunTime:0.000821s ]
INFO: [ view_filter ] --END-- [ RunTime:0.003883s ]
INFO: [ view_end ] --START--
INFO: ShowPageTrace Behavior ::run [ RunTime:0.000924s ]
INFO: [ view_end ] --END-- [ RunTime:0.001026s ]

[ 2016-08-25T14:50:01+08:00 ] 0.0.0.0 /wish/index.php/Admin/Rbac/node
INFO: [ route_check ] --START--
INFO: CheckRoute Behavior ::run [ RunTime:0.001073s ]
INFO: [ route_check ] --END-- [ RunTime:0.001193s ]
INFO: [ app_begin ] --START--
INFO: ReadHtmlCache Behavior ::run [ RunTime:0.000952s ]
INFO: [ app_begin ] --END-- [ RunTime:0.001081s ]
SQL: SHOW COLUMNS FROM `hd_node` [ RunTime:0.006427s ]
SQL: SELECT * FROM `hd_node` ORDER BY sort  [ RunTime:0.000398s ]
INFO: [ view_parse ] --START--
INFO: ParseTemplate Behavior ::run [ RunTime:0.013473s ]
INFO: [ view_parse ] --END-- [ RunTime:0.013595s ]
INFO: [ view_filter ] --START--
INFO: ContentReplace Behavior ::run [ RunTime:0.001180s ]
INFO: TokenBuild Behavior ::run [ RunTime:0.000809s ]
INFO: WriteHtmlCache Behavior ::run [ RunTime:0.000628s ]
INFO: ShowRuntime Behavior ::run [ RunTime:0.000763s ]
INFO: [ view_filter ] --END-- [ RunTime:0.003636s ]
INFO: [ view_end ] --START--
INFO: ShowPageTrace Behavior ::run [ RunTime:0.000907s ]
INFO: [ view_end ] --END-- [ RunTime:0.001000s ]

[ 2016-08-25T14:50:27+08:00 ] 0.0.0.0 /wish/index.php/Admin/Rbac/node
INFO: [ route_check ] --START--
INFO: CheckRoute Behavior ::run [ RunTime:0.001810s ]
INFO: [ route_check ] --END-- [ RunTime:0.002034s ]
INFO: [ app_begin ] --START--
INFO: ReadHtmlCache Behavior ::run [ RunTime:0.000901s ]
INFO: [ app_begin ] --END-- [ RunTime:0.001018s ]
SQL: SHOW COLUMNS FROM `hd_node` [ RunTime:0.005500s ]
SQL: SELECT * FROM `hd_node` ORDER BY sort  [ RunTime:0.000322s ]
INFO: [ view_parse ] --START--
INFO: ParseTemplate Behavior ::run [ RunTime:0.014367s ]
INFO: [ view_parse ] --END-- [ RunTime:0.014524s ]
INFO: [ view_filter ] --START--
INFO: ContentReplace Behavior ::run [ RunTime:0.001115s ]
INFO: TokenBuild Behavior ::run [ RunTime:0.000739s ]
INFO: WriteHtmlCache Behavior ::run [ RunTime:0.000767s ]
INFO: ShowRuntime Behavior ::run [ RunTime:0.000865s ]
INFO: [ view_filter ] --END-- [ RunTime:0.003781s ]
INFO: [ view_end ] --START--
INFO: ShowPageTrace Behavior ::run [ RunTime:0.001012s ]
INFO: [ view_end ] --END-- [ RunTime:0.001133s ]

[ 2016-08-25T14:56:51+08:00 ] 0.0.0.0 /wish/index.php/Admin/Index/index
INFO: [ route_check ] --START--
INFO: CheckRoute Behavior ::run [ RunTime:0.001545s ]
INFO: [ route_check ] --END-- [ RunTime:0.001676s ]
INFO: [ app_begin ] --START--
INFO: ReadHtmlCache Behavior ::run [ RunTime:0.001079s ]
INFO: [ app_begin ] --END-- [ RunTime:0.001197s ]
INFO: [ view_parse ] --START--
NOTIC: [8] Use of undefined constant U - assumed 'U' D:\demo\wish\App\Runtime\Cache\Admin\9b97d702ae8c59c6681dedb3b2775bb8.php 第 33 行.
INFO: ParseTemplate Behavior ::run [ RunTime:0.031229s ]
INFO: [ view_parse ] --END-- [ RunTime:0.031344s ]
INFO: [ view_filter ] --START--
INFO: ContentReplace Behavior ::run [ RunTime:0.001117s ]
INFO: TokenBuild Behavior ::run [ RunTime:0.000898s ]
INFO: WriteHtmlCache Behavior ::run [ RunTime:0.000772s ]
INFO: ShowRuntime Behavior ::run [ RunTime:0.000960s ]
INFO: [ view_filter ] --END-- [ RunTime:0.004010s ]
INFO: [ view_end ] --START--
INFO: ShowPageTrace Behavior ::run [ RunTime:0.001350s ]
INFO: [ view_end ] --END-- [ RunTime:0.001488s ]

[ 2016-08-25T14:56:53+08:00 ] 0.0.0.0 /wish/index.php/Admin/Rbac/node
INFO: [ route_check ] --START--
INFO: CheckRoute Behavior ::run [ RunTime:0.001304s ]
INFO: [ route_check ] --END-- [ RunTime:0.001497s ]
INFO: [ app_begin ] --START--
INFO: ReadHtmlCache Behavior ::run [ RunTime:0.001021s ]
INFO: [ app_begin ] --END-- [ RunTime:0.001128s ]
SQL: SHOW COLUMNS FROM `hd_node` [ RunTime:0.005504s ]
SQL: SELECT * FROM `hd_node` ORDER BY sort  [ RunTime:0.000389s ]
INFO: [ view_parse ] --START--

[ 2016-08-25T14:56:55+08:00 ] 0.0.0.0 /wish/index.php/Admin/Rbac/role
INFO: [ route_check ] --START--
INFO: CheckRoute Behavior ::run [ RunTime:0.001173s ]
INFO: [ route_check ] --END-- [ RunTime:0.001385s ]
INFO: [ app_begin ] --START--
INFO: ReadHtmlCache Behavior ::run [ RunTime:0.000838s ]
INFO: [ app_begin ] --END-- [ RunTime:0.000933s ]
SQL: SHOW COLUMNS FROM `hd_role` [ RunTime:0.006332s ]
SQL: SELECT * FROM `hd_role`  [ RunTime:0.000343s ]
INFO: [ view_parse ] --START--
INFO: ParseTemplate Behavior ::run [ RunTime:0.025861s ]
INFO: [ view_parse ] --END-- [ RunTime:0.025989s ]
INFO: [ view_filter ] --START--
INFO: ContentReplace Behavior ::run [ RunTime:0.001060s ]
INFO: TokenBuild Behavior ::run [ RunTime:0.001641s ]
INFO: WriteHtmlCache Behavior ::run [ RunTime:0.000828s ]
INFO: ShowRuntime Behavior ::run [ RunTime:0.000912s ]
INFO: [ view_filter ] --END-- [ RunTime:0.004780s ]
INFO: [ view_end ] --START--
INFO: ShowPageTrace Behavior ::run [ RunTime:0.000969s ]
INFO: [ view_end ] --END-- [ RunTime:0.001061s ]

[ 2016-08-25T14:56:56+08:00 ] 0.0.0.0 /wish/index.php/Admin/Rbac/node
INFO: [ route_check ] --START--
INFO: CheckRoute Behavior ::run [ RunTime:0.000964s ]
INFO: [ route_check ] --END-- [ RunTime:0.001090s ]
INFO: [ app_begin ] --START--
INFO: ReadHtmlCache Behavior ::run [ RunTime:0.001399s ]
INFO: [ app_begin ] --END-- [ RunTime:0.001677s ]
SQL: SHOW COLUMNS FROM `hd_node` [ RunTime:0.008125s ]
SQL: SELECT * FROM `hd_node` ORDER BY sort  [ RunTime:0.000334s ]
INFO: [ view_parse ] --START--

[ 2016-08-25T14:57:04+08:00 ] 0.0.0.0 /wish/index.php/Admin/Rbac/addNode
INFO: [ route_check ] --START--
INFO: CheckRoute Behavior ::run [ RunTime:0.001066s ]
INFO: [ route_check ] --END-- [ RunTime:0.001205s ]
INFO: [ app_begin ] --START--
INFO: ReadHtmlCache Behavior ::run [ RunTime:0.001315s ]
INFO: [ app_begin ] --END-- [ RunTime:0.001472s ]

[ 2016-08-25T14:57:06+08:00 ] 0.0.0.0 /wish/index.php/Admin/Rbac/addRole
INFO: [ route_check ] --START--
INFO: CheckRoute Behavior ::run [ RunTime:0.001054s ]
INFO: [ route_check ] --END-- [ RunTime:0.001182s ]
INFO: [ app_begin ] --START--
INFO: ReadHtmlCache Behavior ::run [ RunTime:0.000936s ]
INFO: [ app_begin ] --END-- [ RunTime:0.001036s ]
INFO: [ view_parse ] --START--
INFO: ParseTemplate Behavior ::run [ RunTime:0.058792s ]
INFO: [ view_parse ] --END-- [ RunTime:0.058913s ]
INFO: [ view_filter ] --START--
INFO: ContentReplace Behavior ::run [ RunTime:0.001037s ]
INFO: TokenBuild Behavior ::run [ RunTime:0.000832s ]
INFO: WriteHtmlCache Behavior ::run [ RunTime:0.000694s ]
INFO: ShowRuntime Behavior ::run [ RunTime:0.000936s ]
INFO: [ view_filter ] --END-- [ RunTime:0.003810s ]
INFO: [ view_end ] --START--
INFO: ShowPageTrace Behavior ::run [ RunTime:0.001079s ]
INFO: [ view_end ] --END-- [ RunTime:0.001180s ]

[ 2016-08-25T14:57:07+08:00 ] 0.0.0.0 /wish/index.php/Admin/Index/index
INFO: [ route_check ] --START--
INFO: CheckRoute Behavior ::run [ RunTime:0.001721s ]
INFO: [ route_check ] --END-- [ RunTime:0.001872s ]
INFO: [ app_begin ] --START--
INFO: ReadHtmlCache Behavior ::run [ RunTime:0.000837s ]
INFO: [ app_begin ] --END-- [ RunTime:0.000943s ]
INFO: [ view_parse ] --START--
NOTIC: [8] Use of undefined constant U - assumed 'U' D:\demo\wish\App\Runtime\Cache\Admin\9b97d702ae8c59c6681dedb3b2775bb8.php 第 33 行.
INFO: ParseTemplate Behavior ::run [ RunTime:0.013097s ]
INFO: [ view_parse ] --END-- [ RunTime:0.013210s ]
INFO: [ view_filter ] --START--
INFO: ContentReplace Behavior ::run [ RunTime:0.001018s ]
INFO: TokenBuild Behavior ::run [ RunTime:0.000740s ]
INFO: WriteHtmlCache Behavior ::run [ RunTime:0.000570s ]
INFO: ShowRuntime Behavior ::run [ RunTime:0.000736s ]
INFO: [ view_filter ] --END-- [ RunTime:0.003327s ]
INFO: [ view_end ] --START--
INFO: ShowPageTrace Behavior ::run [ RunTime:0.000831s ]
INFO: [ view_end ] --END-- [ RunTime:0.000927s ]

[ 2016-08-25T14:57:09+08:00 ] 0.0.0.0 /wish/index.php/Admin/Rbac/node
INFO: [ route_check ] --START--
INFO: CheckRoute Behavior ::run [ RunTime:0.001084s ]
INFO: [ route_check ] --END-- [ RunTime:0.001211s ]
INFO: [ app_begin ] --START--
INFO: ReadHtmlCache Behavior ::run [ RunTime:0.001406s ]
INFO: [ app_begin ] --END-- [ RunTime:0.001544s ]
SQL: SHOW COLUMNS FROM `hd_node` [ RunTime:0.006039s ]
SQL: SELECT * FROM `hd_node` ORDER BY sort  [ RunTime:0.000392s ]
INFO: [ view_parse ] --START--

[ 2016-08-25T14:58:06+08:00 ] 0.0.0.0 /wish/index.php/Admin/Index/index
INFO: [ route_check ] --START--
INFO: CheckRoute Behavior ::run [ RunTime:0.001475s ]
INFO: [ route_check ] --END-- [ RunTime:0.001651s ]
INFO: [ app_begin ] --START--
INFO: ReadHtmlCache Behavior ::run [ RunTime:0.000925s ]
INFO: [ app_begin ] --END-- [ RunTime:0.001033s ]
INFO: [ view_parse ] --START--
NOTIC: [8] Use of undefined constant U - assumed 'U' D:\demo\wish\App\Runtime\Cache\Admin\9b97d702ae8c59c6681dedb3b2775bb8.php 第 33 行.
INFO: ParseTemplate Behavior ::run [ RunTime:0.010799s ]
INFO: [ view_parse ] --END-- [ RunTime:0.010904s ]
INFO: [ view_filter ] --START--
INFO: ContentReplace Behavior ::run [ RunTime:0.001031s ]
INFO: TokenBuild Behavior ::run [ RunTime:0.001281s ]
INFO: WriteHtmlCache Behavior ::run [ RunTime:0.000709s ]
INFO: ShowRuntime Behavior ::run [ RunTime:0.000813s ]
INFO: [ view_filter ] --END-- [ RunTime:0.004092s ]
INFO: [ view_end ] --START--
INFO: ShowPageTrace Behavior ::run [ RunTime:0.000874s ]
INFO: [ view_end ] --END-- [ RunTime:0.000965s ]

[ 2016-08-25T14:58:08+08:00 ] 0.0.0.0 /wish/index.php/Admin/Rbac/node
INFO: [ route_check ] --START--
INFO: CheckRoute Behavior ::run [ RunTime:0.001096s ]
INFO: [ route_check ] --END-- [ RunTime:0.001216s ]
INFO: [ app_begin ] --START--
INFO: ReadHtmlCache Behavior ::run [ RunTime:0.000827s ]
INFO: [ app_begin ] --END-- [ RunTime:0.000918s ]
SQL: SHOW COLUMNS FROM `hd_node` [ RunTime:0.022004s ]
SQL: SELECT * FROM `hd_node` ORDER BY sort  [ RunTime:0.000405s ]
INFO: [ view_parse ] --START--
INFO: ParseTemplate Behavior ::run [ RunTime:0.012989s ]
INFO: [ view_parse ] --END-- [ RunTime:0.013123s ]
INFO: [ view_filter ] --START--
INFO: ContentReplace Behavior ::run [ RunTime:0.001247s ]
INFO: TokenBuild Behavior ::run [ RunTime:0.000821s ]
INFO: WriteHtmlCache Behavior ::run [ RunTime:0.000650s ]
INFO: ShowRuntime Behavior ::run [ RunTime:0.000812s ]
INFO: [ view_filter ] --END-- [ RunTime:0.003837s ]
INFO: [ view_end ] --START--
INFO: ShowPageTrace Behavior ::run [ RunTime:0.000912s ]
INFO: [ view_end ] --END-- [ RunTime:0.000999s ]

[ 2016-08-25T14:58:09+08:00 ] 0.0.0.0 /wish/index.php/Admin/Rbac/addnode
INFO: [ route_check ] --START--
INFO: CheckRoute Behavior ::run [ RunTime:0.001723s ]
INFO: [ route_check ] --END-- [ RunTime:0.001865s ]
INFO: [ app_begin ] --START--
INFO: ReadHtmlCache Behavior ::run [ RunTime:0.000997s ]
INFO: [ app_begin ] --END-- [ RunTime:0.001208s ]

[ 2016-08-25T14:58:13+08:00 ] 0.0.0.0 /wish/index.php/Admin/Rbac/addNode/pid/1/level/2
INFO: [ route_check ] --START--
INFO: CheckRoute Behavior ::run [ RunTime:0.001750s ]
INFO: [ route_check ] --END-- [ RunTime:0.002068s ]
INFO: [ app_begin ] --START--
INFO: ReadHtmlCache Behavior ::run [ RunTime:0.000864s ]
INFO: [ app_begin ] --END-- [ RunTime:0.000965s ]

[ 2016-08-25T14:58:29+08:00 ] 0.0.0.0 /wish/index.php/Admin/Rbac/addNode/pid/2/level/2
INFO: [ route_check ] --START--
INFO: CheckRoute Behavior ::run [ RunTime:0.001012s ]
INFO: [ route_check ] --END-- [ RunTime:0.001139s ]
INFO: [ app_begin ] --START--
INFO: ReadHtmlCache Behavior ::run [ RunTime:0.000864s ]
INFO: [ app_begin ] --END-- [ RunTime:0.000959s ]

[ 2016-08-25T15:08:29+08:00 ] 0.0.0.0 /wish/index.php/Admin/Index/index
INFO: [ route_check ] --START--
INFO: CheckRoute Behavior ::run [ RunTime:0.013823s ]
INFO: [ route_check ] --END-- [ RunTime:0.013974s ]
INFO: [ app_begin ] --START--
INFO: ReadHtmlCache Behavior ::run [ RunTime:0.010778s ]
INFO: [ app_begin ] --END-- [ RunTime:0.010930s ]
INFO: [ view_parse ] --START--
NOTIC: [8] Use of undefined constant U - assumed 'U' D:\demo\wish\App\Runtime\Cache\Admin\9b97d702ae8c59c6681dedb3b2775bb8.php 第 33 行.
INFO: ParseTemplate Behavior ::run [ RunTime:0.092502s ]
INFO: [ view_parse ] --END-- [ RunTime:0.092623s ]
INFO: [ view_filter ] --START--
INFO: ContentReplace Behavior ::run [ RunTime:0.040746s ]
INFO: TokenBuild Behavior ::run [ RunTime:0.010254s ]
INFO: WriteHtmlCache Behavior ::run [ RunTime:0.007951s ]
INFO: ShowRuntime Behavior ::run [ RunTime:0.001627s ]
INFO: [ view_filter ] --END-- [ RunTime:0.060954s ]
INFO: [ view_end ] --START--
INFO: ShowPageTrace Behavior ::run [ RunTime:0.015180s ]
INFO: [ view_end ] --END-- [ RunTime:0.015351s ]

[ 2016-08-25T15:08:32+08:00 ] 0.0.0.0 /wish/index.php/Admin/Rbac/node
INFO: [ route_check ] --START--
INFO: CheckRoute Behavior ::run [ RunTime:0.001905s ]
INFO: [ route_check ] --END-- [ RunTime:0.002223s ]
INFO: [ app_begin ] --START--
INFO: ReadHtmlCache Behavior ::run [ RunTime:0.001204s ]
INFO: [ app_begin ] --END-- [ RunTime:0.001384s ]
SQL: SHOW COLUMNS FROM `hd_node` [ RunTime:0.006675s ]
SQL: SELECT * FROM `hd_node` ORDER BY sort  [ RunTime:0.000350s ]
INFO: [ view_parse ] --START--
INFO: ParseTemplate Behavior ::run [ RunTime:0.014277s ]
INFO: [ view_parse ] --END-- [ RunTime:0.014443s ]
INFO: [ view_filter ] --START--
INFO: ContentReplace Behavior ::run [ RunTime:0.001884s ]
INFO: TokenBuild Behavior ::run [ RunTime:0.001260s ]
INFO: WriteHtmlCache Behavior ::run [ RunTime:0.000935s ]
INFO: ShowRuntime Behavior ::run [ RunTime:0.001058s ]
INFO: [ view_filter ] --END-- [ RunTime:0.005604s ]
INFO: [ view_end ] --START--
INFO: ShowPageTrace Behavior ::run [ RunTime:0.000967s ]
INFO: [ view_end ] --END-- [ RunTime:0.001068s ]

[ 2016-08-25T15:08:33+08:00 ] 0.0.0.0 /wish/index.php/Admin/Rbac/addnode
INFO: [ route_check ] --START--
INFO: CheckRoute Behavior ::run [ RunTime:0.001125s ]
INFO: [ route_check ] --END-- [ RunTime:0.001244s ]
INFO: [ app_begin ] --START--
INFO: ReadHtmlCache Behavior ::run [ RunTime:0.001095s ]
INFO: [ app_begin ] --END-- [ RunTime:0.001207s ]
INFO: [ view_parse ] --START--
INFO: ParseTemplate Behavior ::run [ RunTime:0.011758s ]
INFO: [ view_parse ] --END-- [ RunTime:0.011880s ]
INFO: [ view_filter ] --START--
INFO: ContentReplace Behavior ::run [ RunTime:0.001089s ]
INFO: TokenBuild Behavior ::run [ RunTime:0.000754s ]
INFO: WriteHtmlCache Behavior ::run [ RunTime:0.000585s ]
INFO: ShowRuntime Behavior ::run [ RunTime:0.000917s ]
INFO: [ view_filter ] --END-- [ RunTime:0.003660s ]
INFO: [ view_end ] --START--
INFO: ShowPageTrace Behavior ::run [ RunTime:0.000879s ]
INFO: [ view_end ] --END-- [ RunTime:0.000974s ]

[ 2016-08-25T15:08:36+08:00 ] 0.0.0.0 /wish/index.php/Admin/Rbac/addNode/pid/1/level/2
INFO: [ route_check ] --START--
INFO: CheckRoute Behavior ::run [ RunTime:0.001163s ]
INFO: [ route_check ] --END-- [ RunTime:0.001292s ]
INFO: [ app_begin ] --START--
INFO: ReadHtmlCache Behavior ::run [ RunTime:0.000781s ]
INFO: [ app_begin ] --END-- [ RunTime:0.000870s ]
INFO: [ view_parse ] --START--
INFO: ParseTemplate Behavior ::run [ RunTime:0.015117s ]
INFO: [ view_parse ] --END-- [ RunTime:0.015300s ]
INFO: [ view_filter ] --START--
INFO: ContentReplace Behavior ::run [ RunTime:0.001153s ]
INFO: TokenBuild Behavior ::run [ RunTime:0.001112s ]
INFO: WriteHtmlCache Behavior ::run [ RunTime:0.001251s ]
INFO: ShowRuntime Behavior ::run [ RunTime:0.001127s ]
INFO: [ view_filter ] --END-- [ RunTime:0.005117s ]
INFO: [ view_end ] --START--
INFO: ShowPageTrace Behavior ::run [ RunTime:0.001114s ]
INFO: [ view_end ] --END-- [ RunTime:0.001212s ]

