[ 2016-08-21T10:25:39+08:00 ] 0.0.0.0 /wish/index.php
INFO: [ app_begin ] --START--
INFO: ReadHtmlCache Behavior ::run [ RunTime:0.015743s ]
INFO: [ app_begin ] --END-- [ RunTime:0.015923s ]
INFO: [ view_parse ] --START--
INFO: ParseTemplate Behavior ::run [ RunTime:0.138831s ]
INFO: [ view_parse ] --END-- [ RunTime:0.139075s ]
INFO: [ view_filter ] --START--
INFO: ContentReplace Behavior ::run [ RunTime:0.031504s ]
INFO: TokenBuild Behavior ::run [ RunTime:0.032639s ]
INFO: WriteHtmlCache Behavior ::run [ RunTime:0.007834s ]
INFO: ShowRuntime Behavior ::run [ RunTime:0.001291s ]
INFO: [ view_filter ] --END-- [ RunTime:0.073706s ]
INFO: [ view_end ] --START--
INFO: ShowPageTrace Behavior ::run [ RunTime:0.070515s ]
INFO: [ view_end ] --END-- [ RunTime:0.070643s ]

[ 2016-08-21T10:27:48+08:00 ] 0.0.0.0 /wish/index.php/Index/Index/handle
INFO: [ route_check ] --START--
INFO: CheckRoute Behavior ::run [ RunTime:0.034854s ]
INFO: [ route_check ] --END-- [ RunTime:0.034994s ]
INFO: [ app_begin ] --START--
INFO: ReadHtmlCache Behavior ::run [ RunTime:0.001102s ]
INFO: [ app_begin ] --END-- [ RunTime:0.001206s ]
NOTIC: [2] preg_match_all() [<a href='function.preg-match-all'>function.preg-match-all</a>]: Compilation failed: missing terminating ] for character class at offset 6 D:\demo\wish\App\Common\Common.php 第 9 行.

[ 2016-08-21T10:31:54+08:00 ] 0.0.0.0 /wish/index.php/Index/Index/handle
INFO: [ route_check ] --START--
INFO: CheckRoute Behavior ::run [ RunTime:0.002631s ]
INFO: [ route_check ] --END-- [ RunTime:0.003627s ]
INFO: [ app_begin ] --START--
INFO: ReadHtmlCache Behavior ::run [ RunTime:0.001990s ]
INFO: [ app_begin ] --END-- [ RunTime:0.002185s ]
NOTIC: [2] preg_match_all() [<a href='function.preg-match-all'>function.preg-match-all</a>]: Compilation failed: missing terminating ] for character class at offset 6 D:\demo\wish\App\Common\Common.php 第 9 行.

[ 2016-08-21T10:33:51+08:00 ] 0.0.0.0 /wish/index.php
INFO: [ app_begin ] --START--
INFO: ReadHtmlCache Behavior ::run [ RunTime:0.001825s ]
INFO: [ app_begin ] --END-- [ RunTime:0.002106s ]
INFO: [ view_parse ] --START--
INFO: ParseTemplate Behavior ::run [ RunTime:0.017737s ]
INFO: [ view_parse ] --END-- [ RunTime:0.018059s ]
INFO: [ view_filter ] --START--
INFO: ContentReplace Behavior ::run [ RunTime:0.001908s ]
INFO: TokenBuild Behavior ::run [ RunTime:0.001812s ]
INFO: WriteHtmlCache Behavior ::run [ RunTime:0.003255s ]
INFO: ShowRuntime Behavior ::run [ RunTime:0.001628s ]
INFO: [ view_filter ] --END-- [ RunTime:0.009389s ]
INFO: [ view_end ] --START--
INFO: ShowPageTrace Behavior ::run [ RunTime:0.001278s ]
INFO: [ view_end ] --END-- [ RunTime:0.001387s ]

[ 2016-08-21T10:34:08+08:00 ] 0.0.0.0 /wish/index.php/Index/Index/handle
INFO: [ route_check ] --START--
INFO: CheckRoute Behavior ::run [ RunTime:0.001861s ]
INFO: [ route_check ] --END-- [ RunTime:0.002059s ]
INFO: [ app_begin ] --START--
INFO: ReadHtmlCache Behavior ::run [ RunTime:0.001048s ]
INFO: [ app_begin ] --END-- [ RunTime:0.001148s ]
NOTIC: [2] preg_match_all() [<a href='function.preg-match-all'>function.preg-match-all</a>]: Compilation failed: missing terminating ] for character class at offset 6 D:\demo\wish\App\Common\Common.php 第 9 行.

[ 2016-08-21T10:34:22+08:00 ] 0.0.0.0 /wish/index.php
INFO: [ app_begin ] --START--
INFO: ReadHtmlCache Behavior ::run [ RunTime:0.000919s ]
INFO: [ app_begin ] --END-- [ RunTime:0.001057s ]
INFO: [ view_parse ] --START--
INFO: ParseTemplate Behavior ::run [ RunTime:0.015550s ]
INFO: [ view_parse ] --END-- [ RunTime:0.015710s ]
INFO: [ view_filter ] --START--
INFO: ContentReplace Behavior ::run [ RunTime:0.001369s ]
INFO: TokenBuild Behavior ::run [ RunTime:0.001348s ]
INFO: WriteHtmlCache Behavior ::run [ RunTime:0.001130s ]
INFO: ShowRuntime Behavior ::run [ RunTime:0.001556s ]
INFO: [ view_filter ] --END-- [ RunTime:0.005860s ]
INFO: [ view_end ] --START--
INFO: ShowPageTrace Behavior ::run [ RunTime:0.002949s ]
INFO: [ view_end ] --END-- [ RunTime:0.003161s ]

[ 2016-08-21T10:37:41+08:00 ] 0.0.0.0 /wish/index.php
INFO: [ app_begin ] --START--
INFO: ReadHtmlCache Behavior ::run [ RunTime:0.002497s ]
INFO: [ app_begin ] --END-- [ RunTime:0.002639s ]
INFO: [ view_parse ] --START--
INFO: ParseTemplate Behavior ::run [ RunTime:0.012999s ]
INFO: [ view_parse ] --END-- [ RunTime:0.013383s ]
INFO: [ view_filter ] --START--
INFO: ContentReplace Behavior ::run [ RunTime:0.002400s ]
INFO: TokenBuild Behavior ::run [ RunTime:0.001724s ]
INFO: WriteHtmlCache Behavior ::run [ RunTime:0.001023s ]
INFO: ShowRuntime Behavior ::run [ RunTime:0.001113s ]
INFO: [ view_filter ] --END-- [ RunTime:0.006677s ]
INFO: [ view_end ] --START--
INFO: ShowPageTrace Behavior ::run [ RunTime:0.001187s ]
INFO: [ view_end ] --END-- [ RunTime:0.001290s ]

[ 2016-08-21T10:37:47+08:00 ] 0.0.0.0 /wish/index.php/Index/Index/handle
INFO: [ route_check ] --START--
INFO: CheckRoute Behavior ::run [ RunTime:0.001244s ]
INFO: [ route_check ] --END-- [ RunTime:0.001366s ]
INFO: [ app_begin ] --START--
INFO: ReadHtmlCache Behavior ::run [ RunTime:0.001007s ]
INFO: [ app_begin ] --END-- [ RunTime:0.001150s ]

[ 2016-08-21T10:39:06+08:00 ] 0.0.0.0 /wish/index.php
INFO: [ app_begin ] --START--
INFO: ReadHtmlCache Behavior ::run [ RunTime:0.000994s ]
INFO: [ app_begin ] --END-- [ RunTime:0.001136s ]
INFO: [ view_parse ] --START--
INFO: ParseTemplate Behavior ::run [ RunTime:0.013127s ]
INFO: [ view_parse ] --END-- [ RunTime:0.013313s ]
INFO: [ view_filter ] --START--
INFO: ContentReplace Behavior ::run [ RunTime:0.000860s ]
INFO: TokenBuild Behavior ::run [ RunTime:0.000813s ]
INFO: WriteHtmlCache Behavior ::run [ RunTime:0.000660s ]
INFO: ShowRuntime Behavior ::run [ RunTime:0.000839s ]
INFO: [ view_filter ] --END-- [ RunTime:0.003460s ]
INFO: [ view_end ] --START--
INFO: ShowPageTrace Behavior ::run [ RunTime:0.001071s ]
INFO: [ view_end ] --END-- [ RunTime:0.001179s ]

[ 2016-08-21T10:39:11+08:00 ] 0.0.0.0 /wish/index.php/Index/Index/handle
INFO: [ route_check ] --START--
INFO: CheckRoute Behavior ::run [ RunTime:0.001254s ]
INFO: [ route_check ] --END-- [ RunTime:0.001475s ]
INFO: [ app_begin ] --START--
INFO: ReadHtmlCache Behavior ::run [ RunTime:0.001250s ]
INFO: [ app_begin ] --END-- [ RunTime:0.001377s ]

[ 2016-08-21T10:39:49+08:00 ] 0.0.0.0 /wish/index.php
INFO: [ app_begin ] --START--
INFO: ReadHtmlCache Behavior ::run [ RunTime:0.002057s ]
INFO: [ app_begin ] --END-- [ RunTime:0.002288s ]
INFO: [ view_parse ] --START--
INFO: ParseTemplate Behavior ::run [ RunTime:0.013616s ]
INFO: [ view_parse ] --END-- [ RunTime:0.014102s ]
INFO: [ view_filter ] --START--
INFO: ContentReplace Behavior ::run [ RunTime:0.001635s ]
INFO: TokenBuild Behavior ::run [ RunTime:0.001834s ]
INFO: WriteHtmlCache Behavior ::run [ RunTime:0.001279s ]
INFO: ShowRuntime Behavior ::run [ RunTime:0.001622s ]
INFO: [ view_filter ] --END-- [ RunTime:0.006855s ]
INFO: [ view_end ] --START--
INFO: ShowPageTrace Behavior ::run [ RunTime:0.001181s ]
INFO: [ view_end ] --END-- [ RunTime:0.001295s ]

[ 2016-08-21T10:39:53+08:00 ] 0.0.0.0 /wish/index.php/Index/Index/handle
INFO: [ route_check ] --START--
INFO: CheckRoute Behavior ::run [ RunTime:0.001724s ]
INFO: [ route_check ] --END-- [ RunTime:0.001971s ]
INFO: [ app_begin ] --START--
INFO: ReadHtmlCache Behavior ::run [ RunTime:0.001218s ]
INFO: [ app_begin ] --END-- [ RunTime:0.001375s ]

[ 2016-08-21T10:58:03+08:00 ] 0.0.0.0 /wish/index.php
INFO: [ app_begin ] --START--
INFO: ReadHtmlCache Behavior ::run [ RunTime:0.026761s ]
INFO: [ app_begin ] --END-- [ RunTime:0.026921s ]
INFO: [ view_parse ] --START--
INFO: ParseTemplate Behavior ::run [ RunTime:0.098560s ]
INFO: [ view_parse ] --END-- [ RunTime:0.098694s ]
INFO: [ view_filter ] --START--
INFO: ContentReplace Behavior ::run [ RunTime:0.018382s ]
INFO: TokenBuild Behavior ::run [ RunTime:0.010213s ]
INFO: WriteHtmlCache Behavior ::run [ RunTime:0.007964s ]
INFO: ShowRuntime Behavior ::run [ RunTime:0.001852s ]
INFO: [ view_filter ] --END-- [ RunTime:0.038859s ]
INFO: [ view_end ] --START--
INFO: ShowPageTrace Behavior ::run [ RunTime:0.014280s ]
INFO: [ view_end ] --END-- [ RunTime:0.014444s ]

[ 2016-08-21T10:59:32+08:00 ] 0.0.0.0 /wish/index.php
INFO: [ app_begin ] --START--
INFO: ReadHtmlCache Behavior ::run [ RunTime:0.001878s ]
INFO: [ app_begin ] --END-- [ RunTime:0.002177s ]
INFO: [ view_parse ] --START--
INFO: ParseTemplate Behavior ::run [ RunTime:0.015859s ]
INFO: [ view_parse ] --END-- [ RunTime:0.016040s ]
INFO: [ view_filter ] --START--
INFO: ContentReplace Behavior ::run [ RunTime:0.001365s ]
INFO: TokenBuild Behavior ::run [ RunTime:0.001547s ]
INFO: WriteHtmlCache Behavior ::run [ RunTime:0.002523s ]
INFO: ShowRuntime Behavior ::run [ RunTime:0.002004s ]
INFO: [ view_filter ] --END-- [ RunTime:0.008024s ]
INFO: [ view_end ] --START--
INFO: ShowPageTrace Behavior ::run [ RunTime:0.001604s ]
INFO: [ view_end ] --END-- [ RunTime:0.001817s ]

[ 2016-08-21T10:59:40+08:00 ] 0.0.0.0 /wish/index.php
INFO: [ app_begin ] --START--
INFO: ReadHtmlCache Behavior ::run [ RunTime:0.003624s ]
INFO: [ app_begin ] --END-- [ RunTime:0.004135s ]
INFO: [ view_parse ] --START--
INFO: ParseTemplate Behavior ::run [ RunTime:0.014044s ]
INFO: [ view_parse ] --END-- [ RunTime:0.014209s ]
INFO: [ view_filter ] --START--
INFO: ContentReplace Behavior ::run [ RunTime:0.000972s ]
INFO: TokenBuild Behavior ::run [ RunTime:0.000977s ]
INFO: WriteHtmlCache Behavior ::run [ RunTime:0.000848s ]
INFO: ShowRuntime Behavior ::run [ RunTime:0.001100s ]
INFO: [ view_filter ] --END-- [ RunTime:0.004165s ]
INFO: [ view_end ] --START--
INFO: ShowPageTrace Behavior ::run [ RunTime:0.001146s ]
INFO: [ view_end ] --END-- [ RunTime:0.001246s ]

[ 2016-08-21T10:59:48+08:00 ] 0.0.0.0 /wish/index.php/Index/Index/handle
INFO: [ route_check ] --START--
INFO: CheckRoute Behavior ::run [ RunTime:0.024161s ]
INFO: [ route_check ] --END-- [ RunTime:0.024296s ]
INFO: [ app_begin ] --START--
INFO: ReadHtmlCache Behavior ::run [ RunTime:0.001140s ]
INFO: [ app_begin ] --END-- [ RunTime:0.001244s ]

[ 2016-08-21T11:00:03+08:00 ] 0.0.0.0 /wish/index.php
INFO: [ app_begin ] --START--
INFO: ReadHtmlCache Behavior ::run [ RunTime:0.001257s ]
INFO: [ app_begin ] --END-- [ RunTime:0.001516s ]
INFO: [ view_parse ] --START--
INFO: ParseTemplate Behavior ::run [ RunTime:0.014693s ]
INFO: [ view_parse ] --END-- [ RunTime:0.014888s ]
INFO: [ view_filter ] --START--
INFO: ContentReplace Behavior ::run [ RunTime:0.001106s ]
INFO: TokenBuild Behavior ::run [ RunTime:0.001130s ]
INFO: WriteHtmlCache Behavior ::run [ RunTime:0.000992s ]
INFO: ShowRuntime Behavior ::run [ RunTime:0.001808s ]
INFO: [ view_filter ] --END-- [ RunTime:0.005400s ]
INFO: [ view_end ] --START--
INFO: ShowPageTrace Behavior ::run [ RunTime:0.001807s ]
INFO: [ view_end ] --END-- [ RunTime:0.002023s ]

[ 2016-08-21T11:00:23+08:00 ] 0.0.0.0 /wish/index.php
INFO: [ app_begin ] --START--
INFO: ReadHtmlCache Behavior ::run [ RunTime:0.000950s ]
INFO: [ app_begin ] --END-- [ RunTime:0.001083s ]
INFO: [ view_parse ] --START--
INFO: ParseTemplate Behavior ::run [ RunTime:0.009559s ]
INFO: [ view_parse ] --END-- [ RunTime:0.009694s ]
INFO: [ view_filter ] --START--
INFO: ContentReplace Behavior ::run [ RunTime:0.002804s ]
INFO: TokenBuild Behavior ::run [ RunTime:0.000952s ]
INFO: WriteHtmlCache Behavior ::run [ RunTime:0.000764s ]
INFO: ShowRuntime Behavior ::run [ RunTime:0.000999s ]
INFO: [ view_filter ] --END-- [ RunTime:0.005847s ]
INFO: [ view_end ] --START--
INFO: ShowPageTrace Behavior ::run [ RunTime:0.001039s ]
INFO: [ view_end ] --END-- [ RunTime:0.001140s ]

[ 2016-08-21T11:00:38+08:00 ] 0.0.0.0 /wish/index.php/Index/Index/handle
INFO: [ route_check ] --START--
INFO: CheckRoute Behavior ::run [ RunTime:0.001069s ]
INFO: [ route_check ] --END-- [ RunTime:0.001200s ]
INFO: [ app_begin ] --START--
INFO: ReadHtmlCache Behavior ::run [ RunTime:0.001562s ]
INFO: [ app_begin ] --END-- [ RunTime:0.001712s ]

[ 2016-08-21T11:00:39+08:00 ] 0.0.0.0 /wish/index.php/Index/Index/handle
INFO: [ route_check ] --START--
INFO: CheckRoute Behavior ::run [ RunTime:0.001170s ]
INFO: [ route_check ] --END-- [ RunTime:0.001310s ]
INFO: [ app_begin ] --START--
INFO: ReadHtmlCache Behavior ::run [ RunTime:0.000917s ]
INFO: [ app_begin ] --END-- [ RunTime:0.001030s ]

[ 2016-08-21T11:00:57+08:00 ] 0.0.0.0 /wish/index.php/Index/Index/handle
INFO: [ route_check ] --START--
INFO: CheckRoute Behavior ::run [ RunTime:0.001184s ]
INFO: [ route_check ] --END-- [ RunTime:0.001325s ]
INFO: [ app_begin ] --START--
INFO: ReadHtmlCache Behavior ::run [ RunTime:0.000882s ]
INFO: [ app_begin ] --END-- [ RunTime:0.000985s ]

[ 2016-08-21T11:01:30+08:00 ] 0.0.0.0 /wish/index.php
INFO: [ app_begin ] --START--
INFO: ReadHtmlCache Behavior ::run [ RunTime:0.000904s ]
INFO: [ app_begin ] --END-- [ RunTime:0.001037s ]
INFO: [ view_parse ] --START--
INFO: ParseTemplate Behavior ::run [ RunTime:0.010382s ]
INFO: [ view_parse ] --END-- [ RunTime:0.010514s ]
INFO: [ view_filter ] --START--
INFO: ContentReplace Behavior ::run [ RunTime:0.001115s ]
INFO: TokenBuild Behavior ::run [ RunTime:0.000816s ]
INFO: WriteHtmlCache Behavior ::run [ RunTime:0.000624s ]
INFO: ShowRuntime Behavior ::run [ RunTime:0.000813s ]
INFO: [ view_filter ] --END-- [ RunTime:0.003729s ]
INFO: [ view_end ] --START--
INFO: ShowPageTrace Behavior ::run [ RunTime:0.001001s ]
INFO: [ view_end ] --END-- [ RunTime:0.001110s ]

[ 2016-08-21T11:01:41+08:00 ] 0.0.0.0 /wish/index.php/Index/Index/handle
INFO: [ route_check ] --START--
INFO: CheckRoute Behavior ::run [ RunTime:0.002110s ]
INFO: [ route_check ] --END-- [ RunTime:0.002299s ]
INFO: [ app_begin ] --START--
INFO: ReadHtmlCache Behavior ::run [ RunTime:0.001182s ]
INFO: [ app_begin ] --END-- [ RunTime:0.001322s ]

[ 2016-08-21T11:08:30+08:00 ] 0.0.0.0 /wish/index.php
INFO: [ app_begin ] --START--
INFO: ReadHtmlCache Behavior ::run [ RunTime:0.003258s ]
INFO: [ app_begin ] --END-- [ RunTime:0.003453s ]
INFO: [ view_parse ] --START--
INFO: ParseTemplate Behavior ::run [ RunTime:0.014950s ]
INFO: [ view_parse ] --END-- [ RunTime:0.015170s ]
INFO: [ view_filter ] --START--
INFO: ContentReplace Behavior ::run [ RunTime:0.001068s ]
INFO: TokenBuild Behavior ::run [ RunTime:0.000971s ]
INFO: WriteHtmlCache Behavior ::run [ RunTime:0.001197s ]
INFO: ShowRuntime Behavior ::run [ RunTime:0.001566s ]
INFO: [ view_filter ] --END-- [ RunTime:0.005226s ]
INFO: [ view_end ] --START--
INFO: ShowPageTrace Behavior ::run [ RunTime:0.001537s ]
INFO: [ view_end ] --END-- [ RunTime:0.001703s ]

[ 2016-08-21T11:08:36+08:00 ] 0.0.0.0 /wish/index.php/Index/Index/handle
INFO: [ route_check ] --START--
INFO: CheckRoute Behavior ::run [ RunTime:0.001847s ]
INFO: [ route_check ] --END-- [ RunTime:0.002101s ]
INFO: [ app_begin ] --START--
INFO: ReadHtmlCache Behavior ::run [ RunTime:0.001242s ]
INFO: [ app_begin ] --END-- [ RunTime:0.001381s ]

[ 2016-08-21T11:10:36+08:00 ] 0.0.0.0 /wish/index.php
INFO: [ app_begin ] --START--
INFO: ReadHtmlCache Behavior ::run [ RunTime:0.002225s ]
INFO: [ app_begin ] --END-- [ RunTime:0.002462s ]
INFO: [ view_parse ] --START--
INFO: ParseTemplate Behavior ::run [ RunTime:0.021805s ]
INFO: [ view_parse ] --END-- [ RunTime:0.022022s ]
INFO: [ view_filter ] --START--
INFO: ContentReplace Behavior ::run [ RunTime:0.001632s ]
INFO: TokenBuild Behavior ::run [ RunTime:0.001523s ]
INFO: WriteHtmlCache Behavior ::run [ RunTime:0.001282s ]
INFO: ShowRuntime Behavior ::run [ RunTime:0.001647s ]
INFO: [ view_filter ] --END-- [ RunTime:0.006658s ]
INFO: [ view_end ] --START--
INFO: ShowPageTrace Behavior ::run [ RunTime:0.001701s ]
INFO: [ view_end ] --END-- [ RunTime:0.001874s ]

[ 2016-08-21T11:10:43+08:00 ] 0.0.0.0 /wish/index.php/Index/Index/handle
INFO: [ route_check ] --START--
INFO: CheckRoute Behavior ::run [ RunTime:0.001283s ]
INFO: [ route_check ] --END-- [ RunTime:0.001422s ]
INFO: [ app_begin ] --START--
INFO: ReadHtmlCache Behavior ::run [ RunTime:0.000964s ]
INFO: [ app_begin ] --END-- [ RunTime:0.001076s ]

[ 2016-08-21T11:10:51+08:00 ] 0.0.0.0 /wish/index.php
INFO: [ app_begin ] --START--
INFO: ReadHtmlCache Behavior ::run [ RunTime:0.000959s ]
INFO: [ app_begin ] --END-- [ RunTime:0.001120s ]
INFO: [ view_parse ] --START--
INFO: ParseTemplate Behavior ::run [ RunTime:0.012458s ]
INFO: [ view_parse ] --END-- [ RunTime:0.012643s ]
INFO: [ view_filter ] --START--
INFO: ContentReplace Behavior ::run [ RunTime:0.001479s ]
INFO: TokenBuild Behavior ::run [ RunTime:0.001166s ]
INFO: WriteHtmlCache Behavior ::run [ RunTime:0.000722s ]
INFO: ShowRuntime Behavior ::run [ RunTime:0.000957s ]
INFO: [ view_filter ] --END-- [ RunTime:0.004697s ]
INFO: [ view_end ] --START--
INFO: ShowPageTrace Behavior ::run [ RunTime:0.001032s ]
INFO: [ view_end ] --END-- [ RunTime:0.001160s ]

[ 2016-08-21T11:12:29+08:00 ] 0.0.0.0 /wish/index.php
INFO: [ app_begin ] --START--
INFO: ReadHtmlCache Behavior ::run [ RunTime:0.002491s ]
INFO: [ app_begin ] --END-- [ RunTime:0.002680s ]
INFO: [ view_parse ] --START--
INFO: ParseTemplate Behavior ::run [ RunTime:0.012244s ]
INFO: [ view_parse ] --END-- [ RunTime:0.012377s ]
INFO: [ view_filter ] --START--
INFO: ContentReplace Behavior ::run [ RunTime:0.000974s ]
INFO: TokenBuild Behavior ::run [ RunTime:0.000967s ]
INFO: WriteHtmlCache Behavior ::run [ RunTime:0.001244s ]
INFO: ShowRuntime Behavior ::run [ RunTime:0.001791s ]
INFO: [ view_filter ] --END-- [ RunTime:0.005449s ]
INFO: [ view_end ] --START--
INFO: ShowPageTrace Behavior ::run [ RunTime:0.001952s ]
INFO: [ view_end ] --END-- [ RunTime:0.002215s ]

[ 2016-08-21T11:12:33+08:00 ] 0.0.0.0 /wish/index.php/Index/Index/handle
INFO: [ route_check ] --START--
INFO: CheckRoute Behavior ::run [ RunTime:0.001521s ]
INFO: [ route_check ] --END-- [ RunTime:0.001705s ]
INFO: [ app_begin ] --START--
INFO: ReadHtmlCache Behavior ::run [ RunTime:0.001136s ]
INFO: [ app_begin ] --END-- [ RunTime:0.001269s ]

[ 2016-08-21T11:14:51+08:00 ] 0.0.0.0 /wish/index.php
INFO: [ app_begin ] --START--
INFO: ReadHtmlCache Behavior ::run [ RunTime:0.001514s ]
INFO: [ app_begin ] --END-- [ RunTime:0.001695s ]
INFO: [ view_parse ] --START--
INFO: ParseTemplate Behavior ::run [ RunTime:0.013856s ]
INFO: [ view_parse ] --END-- [ RunTime:0.013987s ]
INFO: [ view_filter ] --START--
INFO: ContentReplace Behavior ::run [ RunTime:0.000983s ]
INFO: TokenBuild Behavior ::run [ RunTime:0.000975s ]
INFO: WriteHtmlCache Behavior ::run [ RunTime:0.000834s ]
INFO: ShowRuntime Behavior ::run [ RunTime:0.001151s ]
INFO: [ view_filter ] --END-- [ RunTime:0.004241s ]
INFO: [ view_end ] --START--
INFO: ShowPageTrace Behavior ::run [ RunTime:0.002098s ]
INFO: [ view_end ] --END-- [ RunTime:0.002271s ]

[ 2016-08-21T11:14:55+08:00 ] 0.0.0.0 /wish/index.php/Index/Index/handle
INFO: [ route_check ] --START--
INFO: CheckRoute Behavior ::run [ RunTime:0.001801s ]
INFO: [ route_check ] --END-- [ RunTime:0.002029s ]
INFO: [ app_begin ] --START--
INFO: ReadHtmlCache Behavior ::run [ RunTime:0.000978s ]
INFO: [ app_begin ] --END-- [ RunTime:0.001097s ]

[ 2016-08-21T11:33:17+08:00 ] 0.0.0.0 /wish/index.php
INFO: [ app_begin ] --START--
INFO: ReadHtmlCache Behavior ::run [ RunTime:0.023514s ]
INFO: [ app_begin ] --END-- [ RunTime:0.023648s ]
INFO: [ view_parse ] --START--
INFO: ParseTemplate Behavior ::run [ RunTime:0.086117s ]
INFO: [ view_parse ] --END-- [ RunTime:0.086252s ]
INFO: [ view_filter ] --START--
INFO: ContentReplace Behavior ::run [ RunTime:0.019685s ]
INFO: TokenBuild Behavior ::run [ RunTime:0.010294s ]
INFO: WriteHtmlCache Behavior ::run [ RunTime:0.007961s ]
INFO: ShowRuntime Behavior ::run [ RunTime:0.001504s ]
INFO: [ view_filter ] --END-- [ RunTime:0.039826s ]
INFO: [ view_end ] --START--
INFO: ShowPageTrace Behavior ::run [ RunTime:0.014760s ]
INFO: [ view_end ] --END-- [ RunTime:0.014875s ]

[ 2016-08-21T11:33:22+08:00 ] 0.0.0.0 /wish/index.php/Index/Index/handle
INFO: [ route_check ] --START--
INFO: CheckRoute Behavior ::run [ RunTime:0.028238s ]
INFO: [ route_check ] --END-- [ RunTime:0.028385s ]
INFO: [ app_begin ] --START--
INFO: ReadHtmlCache Behavior ::run [ RunTime:0.001182s ]
INFO: [ app_begin ] --END-- [ RunTime:0.001356s ]

[ 2016-08-21T11:34:04+08:00 ] 0.0.0.0 /wish/index.php
INFO: [ app_begin ] --START--
INFO: ReadHtmlCache Behavior ::run [ RunTime:0.001178s ]
INFO: [ app_begin ] --END-- [ RunTime:0.001317s ]
INFO: [ view_parse ] --START--
INFO: ParseTemplate Behavior ::run [ RunTime:0.012512s ]
INFO: [ view_parse ] --END-- [ RunTime:0.012646s ]
INFO: [ view_filter ] --START--
INFO: ContentReplace Behavior ::run [ RunTime:0.000809s ]
INFO: TokenBuild Behavior ::run [ RunTime:0.000934s ]
INFO: WriteHtmlCache Behavior ::run [ RunTime:0.000661s ]
INFO: ShowRuntime Behavior ::run [ RunTime:0.000837s ]
INFO: [ view_filter ] --END-- [ RunTime:0.003536s ]
INFO: [ view_end ] --START--
INFO: ShowPageTrace Behavior ::run [ RunTime:0.000904s ]
INFO: [ view_end ] --END-- [ RunTime:0.001013s ]

[ 2016-08-21T11:34:07+08:00 ] 0.0.0.0 /wish/index.php/Index/Index/handle
INFO: [ route_check ] --START--
INFO: CheckRoute Behavior ::run [ RunTime:0.001035s ]
INFO: [ route_check ] --END-- [ RunTime:0.001179s ]
INFO: [ app_begin ] --START--
INFO: ReadHtmlCache Behavior ::run [ RunTime:0.000976s ]
INFO: [ app_begin ] --END-- [ RunTime:0.001084s ]

[ 2016-08-21T11:34:49+08:00 ] 0.0.0.0 /wish/index.php
INFO: [ app_begin ] --START--
INFO: ReadHtmlCache Behavior ::run [ RunTime:0.001266s ]
INFO: [ app_begin ] --END-- [ RunTime:0.001542s ]
INFO: [ view_parse ] --START--
INFO: ParseTemplate Behavior ::run [ RunTime:0.011757s ]
INFO: [ view_parse ] --END-- [ RunTime:0.011896s ]
INFO: [ view_filter ] --START--
INFO: ContentReplace Behavior ::run [ RunTime:0.000979s ]
INFO: TokenBuild Behavior ::run [ RunTime:0.000893s ]
INFO: WriteHtmlCache Behavior ::run [ RunTime:0.000655s ]
INFO: ShowRuntime Behavior ::run [ RunTime:0.000910s ]
INFO: [ view_filter ] --END-- [ RunTime:0.003779s ]
INFO: [ view_end ] --START--
INFO: ShowPageTrace Behavior ::run [ RunTime:0.000946s ]
INFO: [ view_end ] --END-- [ RunTime:0.001051s ]

[ 2016-08-21T11:34:53+08:00 ] 0.0.0.0 /wish/index.php/Index/Index/handle
INFO: [ route_check ] --START--
INFO: CheckRoute Behavior ::run [ RunTime:0.001245s ]
INFO: [ route_check ] --END-- [ RunTime:0.001413s ]
INFO: [ app_begin ] --START--
INFO: ReadHtmlCache Behavior ::run [ RunTime:0.001264s ]
INFO: [ app_begin ] --END-- [ RunTime:0.001403s ]

[ 2016-08-21T11:36:06+08:00 ] 0.0.0.0 /wish/index.php
INFO: [ app_begin ] --START--
INFO: ReadHtmlCache Behavior ::run [ RunTime:0.001371s ]
INFO: [ app_begin ] --END-- [ RunTime:0.001506s ]
INFO: [ view_parse ] --START--
INFO: ParseTemplate Behavior ::run [ RunTime:0.014053s ]
INFO: [ view_parse ] --END-- [ RunTime:0.014257s ]
INFO: [ view_filter ] --START--
INFO: ContentReplace Behavior ::run [ RunTime:0.001923s ]
INFO: TokenBuild Behavior ::run [ RunTime:0.001093s ]
INFO: WriteHtmlCache Behavior ::run [ RunTime:0.000899s ]
INFO: ShowRuntime Behavior ::run [ RunTime:0.001129s ]
INFO: [ view_filter ] --END-- [ RunTime:0.005340s ]
INFO: [ view_end ] --START--
INFO: ShowPageTrace Behavior ::run [ RunTime:0.001408s ]
INFO: [ view_end ] --END-- [ RunTime:0.001514s ]

[ 2016-08-21T11:36:10+08:00 ] 0.0.0.0 /wish/index.php/Index/Index/handle
INFO: [ route_check ] --START--
INFO: CheckRoute Behavior ::run [ RunTime:0.001197s ]
INFO: [ route_check ] --END-- [ RunTime:0.001306s ]
INFO: [ app_begin ] --START--
INFO: ReadHtmlCache Behavior ::run [ RunTime:0.001248s ]
INFO: [ app_begin ] --END-- [ RunTime:0.001396s ]

[ 2016-08-21T11:36:19+08:00 ] 0.0.0.0 /wish/index.php
INFO: [ app_begin ] --START--
INFO: ReadHtmlCache Behavior ::run [ RunTime:0.001790s ]
INFO: [ app_begin ] --END-- [ RunTime:0.002031s ]
INFO: [ view_parse ] --START--
INFO: ParseTemplate Behavior ::run [ RunTime:0.014167s ]
INFO: [ view_parse ] --END-- [ RunTime:0.014310s ]
INFO: [ view_filter ] --START--
INFO: ContentReplace Behavior ::run [ RunTime:0.001479s ]
INFO: TokenBuild Behavior ::run [ RunTime:0.000801s ]
INFO: WriteHtmlCache Behavior ::run [ RunTime:0.000645s ]
INFO: ShowRuntime Behavior ::run [ RunTime:0.000933s ]
INFO: [ view_filter ] --END-- [ RunTime:0.004151s ]
INFO: [ view_end ] --START--
INFO: ShowPageTrace Behavior ::run [ RunTime:0.000929s ]
INFO: [ view_end ] --END-- [ RunTime:0.001027s ]

[ 2016-08-21T11:36:28+08:00 ] 0.0.0.0 /wish/index.php/Index/Index/handle
INFO: [ route_check ] --START--
INFO: CheckRoute Behavior ::run [ RunTime:0.001659s ]
INFO: [ route_check ] --END-- [ RunTime:0.001817s ]
INFO: [ app_begin ] --START--
INFO: ReadHtmlCache Behavior ::run [ RunTime:0.001697s ]
INFO: [ app_begin ] --END-- [ RunTime:0.001856s ]

[ 2016-08-21T11:37:12+08:00 ] 0.0.0.0 /wish/index.php
INFO: [ app_begin ] --START--
INFO: ReadHtmlCache Behavior ::run [ RunTime:0.000970s ]
INFO: [ app_begin ] --END-- [ RunTime:0.001109s ]
INFO: [ view_parse ] --START--
INFO: ParseTemplate Behavior ::run [ RunTime:0.017597s ]
INFO: [ view_parse ] --END-- [ RunTime:0.017781s ]
INFO: [ view_filter ] --START--
INFO: ContentReplace Behavior ::run [ RunTime:0.001482s ]
INFO: TokenBuild Behavior ::run [ RunTime:0.000960s ]
INFO: WriteHtmlCache Behavior ::run [ RunTime:0.002273s ]
INFO: ShowRuntime Behavior ::run [ RunTime:0.003580s ]
INFO: [ view_filter ] --END-- [ RunTime:0.008689s ]
INFO: [ view_end ] --START--
INFO: ShowPageTrace Behavior ::run [ RunTime:0.001199s ]
INFO: [ view_end ] --END-- [ RunTime:0.001302s ]

[ 2016-08-21T11:37:20+08:00 ] 0.0.0.0 /wish/index.php/Index/Index/handle
INFO: [ route_check ] --START--
INFO: CheckRoute Behavior ::run [ RunTime:0.001208s ]
INFO: [ route_check ] --END-- [ RunTime:0.001366s ]
INFO: [ app_begin ] --START--
INFO: ReadHtmlCache Behavior ::run [ RunTime:0.001020s ]
INFO: [ app_begin ] --END-- [ RunTime:0.001141s ]

[ 2016-08-21T11:37:55+08:00 ] 0.0.0.0 /wish/index.php
INFO: [ app_begin ] --START--
INFO: ReadHtmlCache Behavior ::run [ RunTime:0.001039s ]
INFO: [ app_begin ] --END-- [ RunTime:0.001254s ]
INFO: [ view_parse ] --START--
INFO: ParseTemplate Behavior ::run [ RunTime:0.015130s ]
INFO: [ view_parse ] --END-- [ RunTime:0.015258s ]
INFO: [ view_filter ] --START--
INFO: ContentReplace Behavior ::run [ RunTime:0.001458s ]
INFO: TokenBuild Behavior ::run [ RunTime:0.001177s ]
INFO: WriteHtmlCache Behavior ::run [ RunTime:0.001960s ]
INFO: ShowRuntime Behavior ::run [ RunTime:0.000976s ]
INFO: [ view_filter ] --END-- [ RunTime:0.006003s ]
INFO: [ view_end ] --START--
INFO: ShowPageTrace Behavior ::run [ RunTime:0.001730s ]
INFO: [ view_end ] --END-- [ RunTime:0.001933s ]

[ 2016-08-21T11:38:07+08:00 ] 0.0.0.0 /wish/index.php/Index/Index/handle
INFO: [ route_check ] --START--
INFO: CheckRoute Behavior ::run [ RunTime:0.002518s ]
INFO: [ route_check ] --END-- [ RunTime:0.002702s ]
INFO: [ app_begin ] --START--
INFO: ReadHtmlCache Behavior ::run [ RunTime:0.001231s ]
INFO: [ app_begin ] --END-- [ RunTime:0.001380s ]

[ 2016-08-21T11:38:40+08:00 ] 0.0.0.0 /wish/index.php/Index/Index/handle
INFO: [ route_check ] --START--
INFO: CheckRoute Behavior ::run [ RunTime:0.001444s ]
INFO: [ route_check ] --END-- [ RunTime:0.001615s ]
INFO: [ app_begin ] --START--
INFO: ReadHtmlCache Behavior ::run [ RunTime:0.001192s ]
INFO: [ app_begin ] --END-- [ RunTime:0.001323s ]

[ 2016-08-21T11:38:42+08:00 ] 0.0.0.0 /wish/index.php/Index/Index/handle
INFO: [ route_check ] --START--
INFO: CheckRoute Behavior ::run [ RunTime:0.001455s ]
INFO: [ route_check ] --END-- [ RunTime:0.001627s ]
INFO: [ app_begin ] --START--
INFO: ReadHtmlCache Behavior ::run [ RunTime:0.000926s ]
INFO: [ app_begin ] --END-- [ RunTime:0.001037s ]

[ 2016-08-21T11:39:31+08:00 ] 0.0.0.0 /wish/index.php
INFO: [ app_begin ] --START--
INFO: ReadHtmlCache Behavior ::run [ RunTime:0.001241s ]
INFO: [ app_begin ] --END-- [ RunTime:0.001422s ]
INFO: [ view_parse ] --START--
INFO: ParseTemplate Behavior ::run [ RunTime:0.013241s ]
INFO: [ view_parse ] --END-- [ RunTime:0.013423s ]
INFO: [ view_filter ] --START--
INFO: ContentReplace Behavior ::run [ RunTime:0.002164s ]
INFO: TokenBuild Behavior ::run [ RunTime:0.001427s ]
INFO: WriteHtmlCache Behavior ::run [ RunTime:0.000894s ]
INFO: ShowRuntime Behavior ::run [ RunTime:0.001177s ]
INFO: [ view_filter ] --END-- [ RunTime:0.006065s ]
INFO: [ view_end ] --START--
INFO: ShowPageTrace Behavior ::run [ RunTime:0.002678s ]
INFO: [ view_end ] --END-- [ RunTime:0.002891s ]

[ 2016-08-21T11:54:49+08:00 ] 0.0.0.0 /wish/index.php
INFO: [ app_begin ] --START--
INFO: ReadHtmlCache Behavior ::run [ RunTime:0.012819s ]
INFO: [ app_begin ] --END-- [ RunTime:0.013275s ]
INFO: [ view_parse ] --START--
INFO: ParseTemplate Behavior ::run [ RunTime:0.065069s ]
INFO: [ view_parse ] --END-- [ RunTime:0.065262s ]
INFO: [ view_filter ] --START--
INFO: ContentReplace Behavior ::run [ RunTime:0.011885s ]
INFO: TokenBuild Behavior ::run [ RunTime:0.010453s ]
INFO: WriteHtmlCache Behavior ::run [ RunTime:0.007743s ]
INFO: ShowRuntime Behavior ::run [ RunTime:0.001657s ]
INFO: [ view_filter ] --END-- [ RunTime:0.032142s ]
INFO: [ view_end ] --START--
INFO: ShowPageTrace Behavior ::run [ RunTime:0.014975s ]
INFO: [ view_end ] --END-- [ RunTime:0.015128s ]

[ 2016-08-21T11:54:53+08:00 ] 0.0.0.0 /wish/index.php/Index/Index/handle
INFO: [ route_check ] --START--
INFO: CheckRoute Behavior ::run [ RunTime:0.042896s ]
INFO: [ route_check ] --END-- [ RunTime:0.043133s ]
INFO: [ app_begin ] --START--
INFO: ReadHtmlCache Behavior ::run [ RunTime:0.001169s ]
INFO: [ app_begin ] --END-- [ RunTime:0.001283s ]

[ 2016-08-21T12:10:40+08:00 ] 0.0.0.0 /wish/index.php
INFO: [ app_begin ] --START--
INFO: ReadHtmlCache Behavior ::run [ RunTime:0.024134s ]
INFO: [ app_begin ] --END-- [ RunTime:0.024302s ]
INFO: [ view_parse ] --START--
INFO: ParseTemplate Behavior ::run [ RunTime:0.125560s ]
INFO: [ view_parse ] --END-- [ RunTime:0.125681s ]
INFO: [ view_filter ] --START--
INFO: ContentReplace Behavior ::run [ RunTime:0.019580s ]
INFO: TokenBuild Behavior ::run [ RunTime:0.009735s ]
INFO: WriteHtmlCache Behavior ::run [ RunTime:0.007988s ]
INFO: ShowRuntime Behavior ::run [ RunTime:0.001540s ]
INFO: [ view_filter ] --END-- [ RunTime:0.039401s ]
INFO: [ view_end ] --START--
INFO: ShowPageTrace Behavior ::run [ RunTime:0.014790s ]
INFO: [ view_end ] --END-- [ RunTime:0.014896s ]

[ 2016-08-21T12:10:45+08:00 ] 0.0.0.0 /wish/index.php/Index/Index/handle
INFO: [ route_check ] --START--
INFO: CheckRoute Behavior ::run [ RunTime:0.011881s ]
INFO: [ route_check ] --END-- [ RunTime:0.012027s ]
INFO: [ app_begin ] --START--
INFO: ReadHtmlCache Behavior ::run [ RunTime:0.001659s ]
INFO: [ app_begin ] --END-- [ RunTime:0.001814s ]
NOTIC: [8] Use of undefined constant wish - assumed 'wish' D:\demo\wish\App\Lib\Action\Index\IndexAction.class.php 第 21 行.
SQL: SHOW COLUMNS FROM `hd_wish` [ RunTime:0.232229s ]
SQL: INSERT INTO `hd_wish` (`username`,`content`,`time`) VALUES ('电商','[害羞][酷][抱抱][抓狂][嘻嘻][太开心][偷笑][钱][花心][酷]',1471752644) [ RunTime:0.001645s ]

[ 2016-08-21T12:10:48+08:00 ] 0.0.0.0 /wish/index.php/Index/Index/handle
INFO: [ route_check ] --START--
INFO: CheckRoute Behavior ::run [ RunTime:0.001090s ]
INFO: [ route_check ] --END-- [ RunTime:0.001211s ]
INFO: [ app_begin ] --START--
INFO: ReadHtmlCache Behavior ::run [ RunTime:0.000868s ]
INFO: [ app_begin ] --END-- [ RunTime:0.000956s ]
NOTIC: [8] Use of undefined constant wish - assumed 'wish' D:\demo\wish\App\Lib\Action\Index\IndexAction.class.php 第 21 行.
SQL: SHOW COLUMNS FROM `hd_wish` [ RunTime:0.005030s ]
SQL: INSERT INTO `hd_wish` (`username`,`content`,`time`) VALUES ('电商','[害羞][酷][抱抱][抓狂][嘻嘻][太开心][偷笑][钱][花心][酷]',1471752648) [ RunTime:0.020845s ]

[ 2016-08-21T12:11:36+08:00 ] 0.0.0.0 /wish/index.php
INFO: [ app_begin ] --START--
INFO: ReadHtmlCache Behavior ::run [ RunTime:0.001074s ]
INFO: [ app_begin ] --END-- [ RunTime:0.001234s ]
INFO: [ view_parse ] --START--
INFO: ParseTemplate Behavior ::run [ RunTime:0.012426s ]
INFO: [ view_parse ] --END-- [ RunTime:0.012595s ]
INFO: [ view_filter ] --START--
INFO: ContentReplace Behavior ::run [ RunTime:0.001070s ]
INFO: TokenBuild Behavior ::run [ RunTime:0.001127s ]
INFO: WriteHtmlCache Behavior ::run [ RunTime:0.000972s ]
INFO: ShowRuntime Behavior ::run [ RunTime:0.001140s ]
INFO: [ view_filter ] --END-- [ RunTime:0.004623s ]
INFO: [ view_end ] --START--
INFO: ShowPageTrace Behavior ::run [ RunTime:0.001288s ]
INFO: [ view_end ] --END-- [ RunTime:0.001383s ]

[ 2016-08-21T12:11:39+08:00 ] 0.0.0.0 /wish/index.php/Index/Index/handle
INFO: [ route_check ] --START--
INFO: CheckRoute Behavior ::run [ RunTime:0.002145s ]
INFO: [ route_check ] --END-- [ RunTime:0.002330s ]
INFO: [ app_begin ] --START--
INFO: ReadHtmlCache Behavior ::run [ RunTime:0.000871s ]
INFO: [ app_begin ] --END-- [ RunTime:0.000970s ]
NOTIC: [8] Use of undefined constant wish - assumed 'wish' D:\demo\wish\App\Lib\Action\Index\IndexAction.class.php 第 21 行.
SQL: SHOW COLUMNS FROM `hd_wish` [ RunTime:0.007547s ]
SQL: INSERT INTO `hd_wish` (`username`,`content`,`time`) VALUES ('电商','[害羞][酷][抱抱][抓狂][嘻嘻][太开心][偷笑][钱][花心][酷]',1471752699) [ RunTime:0.000481s ]

[ 2016-08-21T12:11:41+08:00 ] 0.0.0.0 /wish/index.php/Index/Index/handle
INFO: [ route_check ] --START--
INFO: CheckRoute Behavior ::run [ RunTime:0.001591s ]
INFO: [ route_check ] --END-- [ RunTime:0.001844s ]
INFO: [ app_begin ] --START--
INFO: ReadHtmlCache Behavior ::run [ RunTime:0.001320s ]
INFO: [ app_begin ] --END-- [ RunTime:0.001424s ]
NOTIC: [8] Use of undefined constant wish - assumed 'wish' D:\demo\wish\App\Lib\Action\Index\IndexAction.class.php 第 21 行.
SQL: SHOW COLUMNS FROM `hd_wish` [ RunTime:0.005519s ]
SQL: INSERT INTO `hd_wish` (`username`,`content`,`time`) VALUES ('电商','[害羞][酷][抱抱][抓狂][嘻嘻][太开心][偷笑][钱][花心][酷]',1471752701) [ RunTime:0.000417s ]

[ 2016-08-21T12:11:59+08:00 ] 0.0.0.0 /wish/index.php/Index/Index/handle
INFO: [ route_check ] --START--
INFO: CheckRoute Behavior ::run [ RunTime:0.001202s ]
INFO: [ route_check ] --END-- [ RunTime:0.001344s ]
INFO: [ app_begin ] --START--
INFO: ReadHtmlCache Behavior ::run [ RunTime:0.000990s ]
INFO: [ app_begin ] --END-- [ RunTime:0.001093s ]
NOTIC: [8] Use of undefined constant wish - assumed 'wish' D:\demo\wish\App\Lib\Action\Index\IndexAction.class.php 第 21 行.
SQL: SHOW COLUMNS FROM `hd_wish` [ RunTime:0.005083s ]
SQL: INSERT INTO `hd_wish` (`username`,`content`,`time`) VALUES ('电商','[害羞][酷][抱抱][抓狂][嘻嘻][太开心][偷笑][钱][花心][酷]',1471752719) [ RunTime:0.000369s ]

[ 2016-08-21T12:14:48+08:00 ] 0.0.0.0 /wish/index.php/Index/Index/handle
INFO: [ route_check ] --START--
INFO: CheckRoute Behavior ::run [ RunTime:0.001854s ]
INFO: [ route_check ] --END-- [ RunTime:0.002082s ]
INFO: [ app_begin ] --START--
INFO: ReadHtmlCache Behavior ::run [ RunTime:0.001598s ]
INFO: [ app_begin ] --END-- [ RunTime:0.001840s ]
NOTIC: [8] Use of undefined constant wish - assumed 'wish' D:\demo\wish\App\Lib\Action\Index\IndexAction.class.php 第 21 行.
SQL: SHOW COLUMNS FROM `hd_wish` [ RunTime:0.005453s ]
SQL: INSERT INTO `hd_wish` (`username`,`content`,`time`) VALUES ('电商','[害羞][酷][抱抱][抓狂][嘻嘻][太开心][偷笑][钱][花心][酷]',1471752888) [ RunTime:0.000413s ]

[ 2016-08-21T12:14:51+08:00 ] 0.0.0.0 /wish/index.php
INFO: [ app_begin ] --START--
INFO: ReadHtmlCache Behavior ::run [ RunTime:0.001245s ]
INFO: [ app_begin ] --END-- [ RunTime:0.001424s ]
INFO: [ view_parse ] --START--
INFO: ParseTemplate Behavior ::run [ RunTime:0.018178s ]
INFO: [ view_parse ] --END-- [ RunTime:0.018334s ]
INFO: [ view_filter ] --START--
INFO: ContentReplace Behavior ::run [ RunTime:0.001077s ]
INFO: TokenBuild Behavior ::run [ RunTime:0.001690s ]
INFO: WriteHtmlCache Behavior ::run [ RunTime:0.001290s ]
INFO: ShowRuntime Behavior ::run [ RunTime:0.001159s ]
INFO: [ view_filter ] --END-- [ RunTime:0.005573s ]
INFO: [ view_end ] --START--
INFO: ShowPageTrace Behavior ::run [ RunTime:0.002501s ]
INFO: [ view_end ] --END-- [ RunTime:0.002681s ]

[ 2016-08-21T12:14:56+08:00 ] 0.0.0.0 /wish/index.php/Index/Index/handle
INFO: [ route_check ] --START--
INFO: CheckRoute Behavior ::run [ RunTime:0.001376s ]
INFO: [ route_check ] --END-- [ RunTime:0.001556s ]
INFO: [ app_begin ] --START--
INFO: ReadHtmlCache Behavior ::run [ RunTime:0.001083s ]
INFO: [ app_begin ] --END-- [ RunTime:0.001220s ]
NOTIC: [8] Use of undefined constant wish - assumed 'wish' D:\demo\wish\App\Lib\Action\Index\IndexAction.class.php 第 21 行.
SQL: SHOW COLUMNS FROM `hd_wish` [ RunTime:0.007672s ]
SQL: INSERT INTO `hd_wish` (`username`,`content`,`time`) VALUES ('电商','[害羞][酷][抱抱][抓狂][嘻嘻][太开心][偷笑][钱][花心][酷]',1471752896) [ RunTime:0.000350s ]

[ 2016-08-21T12:15:36+08:00 ] 0.0.0.0 /wish/index.php
INFO: [ app_begin ] --START--
INFO: ReadHtmlCache Behavior ::run [ RunTime:0.001028s ]
INFO: [ app_begin ] --END-- [ RunTime:0.001167s ]
INFO: [ view_parse ] --START--
INFO: ParseTemplate Behavior ::run [ RunTime:0.011040s ]
INFO: [ view_parse ] --END-- [ RunTime:0.011181s ]
INFO: [ view_filter ] --START--
INFO: ContentReplace Behavior ::run [ RunTime:0.000786s ]
INFO: TokenBuild Behavior ::run [ RunTime:0.000772s ]
INFO: WriteHtmlCache Behavior ::run [ RunTime:0.000615s ]
INFO: ShowRuntime Behavior ::run [ RunTime:0.000936s ]
INFO: [ view_filter ] --END-- [ RunTime:0.003364s ]
INFO: [ view_end ] --START--
INFO: ShowPageTrace Behavior ::run [ RunTime:0.000914s ]
INFO: [ view_end ] --END-- [ RunTime:0.001013s ]

[ 2016-08-21T12:15:44+08:00 ] 0.0.0.0 /wish/index.php/Index/Index/handle
INFO: [ route_check ] --START--
INFO: CheckRoute Behavior ::run [ RunTime:0.001668s ]
INFO: [ route_check ] --END-- [ RunTime:0.001810s ]
INFO: [ app_begin ] --START--
INFO: ReadHtmlCache Behavior ::run [ RunTime:0.001832s ]
INFO: [ app_begin ] --END-- [ RunTime:0.002012s ]
NOTIC: [8] Use of undefined constant wish - assumed 'wish' D:\demo\wish\App\Lib\Action\Index\IndexAction.class.php 第 21 行.
SQL: SHOW COLUMNS FROM `hd_wish` [ RunTime:0.006077s ]
SQL: INSERT INTO `hd_wish` (`username`,`content`,`time`) VALUES ('电商','[害羞][酷][抱抱][抓狂][嘻嘻][太开心][偷笑][钱][花心][酷]',1471752944) [ RunTime:0.000433s ]

[ 2016-08-21T12:17:17+08:00 ] 0.0.0.0 /wish/index.php
INFO: [ app_begin ] --START--
INFO: ReadHtmlCache Behavior ::run [ RunTime:0.000930s ]
INFO: [ app_begin ] --END-- [ RunTime:0.001060s ]
INFO: [ view_parse ] --START--
INFO: ParseTemplate Behavior ::run [ RunTime:0.011561s ]
INFO: [ view_parse ] --END-- [ RunTime:0.011690s ]
INFO: [ view_filter ] --START--
INFO: ContentReplace Behavior ::run [ RunTime:0.001182s ]
INFO: TokenBuild Behavior ::run [ RunTime:0.002099s ]
INFO: WriteHtmlCache Behavior ::run [ RunTime:0.001182s ]
INFO: ShowRuntime Behavior ::run [ RunTime:0.001137s ]
INFO: [ view_filter ] --END-- [ RunTime:0.005943s ]
INFO: [ view_end ] --START--
INFO: ShowPageTrace Behavior ::run [ RunTime:0.001199s ]
INFO: [ view_end ] --END-- [ RunTime:0.001292s ]

[ 2016-08-21T12:17:20+08:00 ] 0.0.0.0 /wish/index.php/Index/Index/handle
INFO: [ route_check ] --START--
INFO: CheckRoute Behavior ::run [ RunTime:0.001982s ]
INFO: [ route_check ] --END-- [ RunTime:0.002185s ]
INFO: [ app_begin ] --START--
INFO: ReadHtmlCache Behavior ::run [ RunTime:0.001517s ]
INFO: [ app_begin ] --END-- [ RunTime:0.001718s ]
NOTIC: [8] Use of undefined constant wish - assumed 'wish' D:\demo\wish\App\Lib\Action\Index\IndexAction.class.php 第 21 行.
SQL: SHOW COLUMNS FROM `hd_wish` [ RunTime:0.005813s ]
SQL: INSERT INTO `hd_wish` (`username`,`content`,`time`) VALUES ('电商','[害羞][酷][抱抱][抓狂][嘻嘻][太开心][偷笑][钱][花心][酷]',1471753040) [ RunTime:0.000536s ]

[ 2016-08-21T12:17:28+08:00 ] 0.0.0.0 /wish/index.php/Index/Index/handle
INFO: [ route_check ] --START--
INFO: CheckRoute Behavior ::run [ RunTime:0.001209s ]
INFO: [ route_check ] --END-- [ RunTime:0.001405s ]
INFO: [ app_begin ] --START--
INFO: ReadHtmlCache Behavior ::run [ RunTime:0.001263s ]
INFO: [ app_begin ] --END-- [ RunTime:0.001403s ]
NOTIC: [8] Use of undefined constant wish - assumed 'wish' D:\demo\wish\App\Lib\Action\Index\IndexAction.class.php 第 21 行.
SQL: SHOW COLUMNS FROM `hd_wish` [ RunTime:0.007242s ]
SQL: INSERT INTO `hd_wish` (`username`,`content`,`time`) VALUES ('电商','[害羞][酷][抱抱][抓狂][嘻嘻][太开心][偷笑][钱][花心][酷]',1471753048) [ RunTime:0.000410s ]

[ 2016-08-21T12:17:31+08:00 ] 0.0.0.0 /wish/index.php
INFO: [ app_begin ] --START--
INFO: ReadHtmlCache Behavior ::run [ RunTime:0.000942s ]
INFO: [ app_begin ] --END-- [ RunTime:0.001059s ]
INFO: [ view_parse ] --START--
INFO: ParseTemplate Behavior ::run [ RunTime:0.012788s ]
INFO: [ view_parse ] --END-- [ RunTime:0.012908s ]
INFO: [ view_filter ] --START--
INFO: ContentReplace Behavior ::run [ RunTime:0.000912s ]
INFO: TokenBuild Behavior ::run [ RunTime:0.000927s ]
INFO: WriteHtmlCache Behavior ::run [ RunTime:0.000762s ]
INFO: ShowRuntime Behavior ::run [ RunTime:0.000994s ]
INFO: [ view_filter ] --END-- [ RunTime:0.003849s ]
INFO: [ view_end ] --START--
INFO: ShowPageTrace Behavior ::run [ RunTime:0.001054s ]
INFO: [ view_end ] --END-- [ RunTime:0.001149s ]

[ 2016-08-21T12:17:52+08:00 ] 0.0.0.0 /wish/index.php/Index/Index/handle
INFO: [ route_check ] --START--
INFO: CheckRoute Behavior ::run [ RunTime:0.001094s ]
INFO: [ route_check ] --END-- [ RunTime:0.001246s ]
INFO: [ app_begin ] --START--
INFO: ReadHtmlCache Behavior ::run [ RunTime:0.000865s ]
INFO: [ app_begin ] --END-- [ RunTime:0.000957s ]
NOTIC: [8] Use of undefined constant wish - assumed 'wish' D:\demo\wish\App\Lib\Action\Index\IndexAction.class.php 第 21 行.
SQL: SHOW COLUMNS FROM `hd_wish` [ RunTime:0.005266s ]
SQL: INSERT INTO `hd_wish` (`username`,`content`,`time`) VALUES ('宁泽涛','[嘻嘻]',1471753072) [ RunTime:0.000374s ]

[ 2016-08-21T12:18:05+08:00 ] 0.0.0.0 /wish/index.php/Index/Index/handle
INFO: [ route_check ] --START--
INFO: CheckRoute Behavior ::run [ RunTime:0.001145s ]
INFO: [ route_check ] --END-- [ RunTime:0.001292s ]
INFO: [ app_begin ] --START--
INFO: ReadHtmlCache Behavior ::run [ RunTime:0.000969s ]
INFO: [ app_begin ] --END-- [ RunTime:0.001082s ]
NOTIC: [8] Use of undefined constant wish - assumed 'wish' D:\demo\wish\App\Lib\Action\Index\IndexAction.class.php 第 21 行.
SQL: SHOW COLUMNS FROM `hd_wish` [ RunTime:0.005922s ]
SQL: INSERT INTO `hd_wish` (`username`,`content`,`time`) VALUES ('刘亚仁','[钱]',1471753085) [ RunTime:0.000337s ]

